{"/home/camran/Documents/Projects/AYD1_PROYECTO1_G7/Backend/src/index.js": {"path":"/home/camran/Documents/Projects/AYD1_PROYECTO1_G7/Backend/src/index.js","statementMap":{"0":{"start":{"line":1,"column":16},"end":{"line":1,"column":34}},"1":{"start":{"line":2,"column":15},"end":{"line":2,"column":32}},"2":{"start":{"line":3,"column":13},"end":{"line":3,"column":28}},"3":{"start":{"line":4,"column":20},"end":{"line":4,"column":51}},"4":{"start":{"line":5,"column":15},"end":{"line":5,"column":46}},"5":{"start":{"line":6,"column":12},"end":{"line":6,"column":21}},"6":{"start":{"line":8,"column":0},"end":{"line":8,"column":42}},"7":{"start":{"line":9,"column":0},"end":{"line":9,"column":23}},"8":{"start":{"line":10,"column":0},"end":{"line":10,"column":49}},"9":{"start":{"line":11,"column":0},"end":{"line":11,"column":24}},"10":{"start":{"line":12,"column":0},"end":{"line":12,"column":41}},"11":{"start":{"line":13,"column":0},"end":{"line":13,"column":47}},"12":{"start":{"line":14,"column":0},"end":{"line":14,"column":16}},"13":{"start":{"line":16,"column":15},"end":{"line":18,"column":2}},"14":{"start":{"line":17,"column":4},"end":{"line":17,"column":51}},"15":{"start":{"line":21,"column":4},"end":{"line":23,"column":6}},"16":{"start":{"line":26,"column":0},"end":{"line":26,"column":28}},"17":{"start":{"line":28,"column":0},"end":{"line":28,"column":35}}},"fnMap":{"0":{"name":"(anonymous_0)","decl":{"start":{"line":16,"column":43},"end":{"line":16,"column":44}},"loc":{"start":{"line":16,"column":49},"end":{"line":18,"column":1}},"line":16},"1":{"name":"stopServer","decl":{"start":{"line":20,"column":9},"end":{"line":20,"column":19}},"loc":{"start":{"line":20,"column":22},"end":{"line":24,"column":1}},"line":20},"2":{"name":"(anonymous_2)","decl":{"start":{"line":21,"column":17},"end":{"line":21,"column":18}},"loc":{"start":{"line":21,"column":23},"end":{"line":23,"column":5}},"line":21}},"branchMap":{"0":{"loc":{"start":{"line":8,"column":16},"end":{"line":8,"column":40}},"type":"binary-expr","locations":[{"start":{"line":8,"column":16},"end":{"line":8,"column":32}},{"start":{"line":8,"column":36},"end":{"line":8,"column":40}}],"line":8}},"s":{"0":3,"1":3,"2":3,"3":3,"4":3,"5":3,"6":3,"7":3,"8":3,"9":3,"10":3,"11":3,"12":3,"13":3,"14":0,"15":3,"16":3,"17":3},"f":{"0":0,"1":3,"2":0},"b":{"0":[3,3]},"_coverageSchema":"1a1c01bbd47fc00a2c39e90264f33305004495a9","hash":"a9d7272d301c0853cf80d891ef0490e75540aedf"}
,"/home/camran/Documents/Projects/AYD1_PROYECTO1_G7/Backend/src/Config/db.js": {"path":"/home/camran/Documents/Projects/AYD1_PROYECTO1_G7/Backend/src/Config/db.js","statementMap":{"0":{"start":{"line":1,"column":14},"end":{"line":1,"column":31}},"1":{"start":{"line":16,"column":18},"end":{"line":23,"column":1}},"2":{"start":{"line":25,"column":19},"end":{"line":25,"column":52}},"3":{"start":{"line":27,"column":15},"end":{"line":32,"column":1}},"4":{"start":{"line":34,"column":0},"end":{"line":41,"column":2}},"5":{"start":{"line":35,"column":4},"end":{"line":38,"column":5}},"6":{"start":{"line":36,"column":6},"end":{"line":36,"column":56}},"7":{"start":{"line":37,"column":6},"end":{"line":37,"column":12}},"8":{"start":{"line":40,"column":4},"end":{"line":40,"column":72}},"9":{"start":{"line":44,"column":0},"end":{"line":44,"column":39}}},"fnMap":{"0":{"name":"(anonymous_0)","decl":{"start":{"line":34,"column":19},"end":{"line":34,"column":20}},"loc":{"start":{"line":34,"column":30},"end":{"line":41,"column":1}},"line":34}},"branchMap":{"0":{"loc":{"start":{"line":35,"column":4},"end":{"line":38,"column":5}},"type":"if","locations":[{"start":{"line":35,"column":4},"end":{"line":38,"column":5}},{"start":{},"end":{}}],"line":35}},"s":{"0":3,"1":3,"2":3,"3":3,"4":3,"5":3,"6":0,"7":0,"8":3,"9":3},"f":{"0":3},"b":{"0":[0,3]},"_coverageSchema":"1a1c01bbd47fc00a2c39e90264f33305004495a9","hash":"87e22fb7fe889f996708d8be60eeb17077b11cda"}
,"/home/camran/Documents/Projects/AYD1_PROYECTO1_G7/Backend/src/Controllers/adminController.js": {"path":"/home/camran/Documents/Projects/AYD1_PROYECTO1_G7/Backend/src/Controllers/adminController.js","statementMap":{"0":{"start":{"line":1,"column":19},"end":{"line":1,"column":42}},"1":{"start":{"line":2,"column":24},"end":{"line":2,"column":26}},"2":{"start":{"line":4,"column":0},"end":{"line":6,"column":1}},"3":{"start":{"line":5,"column":4},"end":{"line":5,"column":47}},"4":{"start":{"line":8,"column":0},"end":{"line":50,"column":1}},"5":{"start":{"line":9,"column":4},"end":{"line":49,"column":5}},"6":{"start":{"line":10,"column":8},"end":{"line":43,"column":10}},"7":{"start":{"line":17,"column":12},"end":{"line":41,"column":13}},"8":{"start":{"line":18,"column":16},"end":{"line":20,"column":67}},"9":{"start":{"line":22,"column":16},"end":{"line":40,"column":18}},"10":{"start":{"line":29,"column":20},"end":{"line":38,"column":21}},"11":{"start":{"line":30,"column":24},"end":{"line":32,"column":75}},"12":{"start":{"line":34,"column":24},"end":{"line":37,"column":26}},"13":{"start":{"line":45,"column":8},"end":{"line":48,"column":10}},"14":{"start":{"line":52,"column":0},"end":{"line":76,"column":2}},"15":{"start":{"line":53,"column":15},"end":{"line":53,"column":28}},"16":{"start":{"line":54,"column":19},"end":{"line":54,"column":34}},"17":{"start":{"line":56,"column":4},"end":{"line":75,"column":7}},"18":{"start":{"line":59,"column":8},"end":{"line":74,"column":9}},"19":{"start":{"line":60,"column":12},"end":{"line":63,"column":14}},"20":{"start":{"line":65,"column":12},"end":{"line":73,"column":13}},"21":{"start":{"line":66,"column":16},"end":{"line":68,"column":18}},"22":{"start":{"line":70,"column":16},"end":{"line":72,"column":18}},"23":{"start":{"line":78,"column":0},"end":{"line":102,"column":2}},"24":{"start":{"line":79,"column":15},"end":{"line":79,"column":28}},"25":{"start":{"line":80,"column":19},"end":{"line":80,"column":34}},"26":{"start":{"line":82,"column":4},"end":{"line":101,"column":7}},"27":{"start":{"line":85,"column":8},"end":{"line":100,"column":9}},"28":{"start":{"line":86,"column":12},"end":{"line":89,"column":14}},"29":{"start":{"line":91,"column":12},"end":{"line":99,"column":13}},"30":{"start":{"line":92,"column":16},"end":{"line":94,"column":18}},"31":{"start":{"line":96,"column":16},"end":{"line":98,"column":18}},"32":{"start":{"line":104,"column":0},"end":{"line":127,"column":1}},"33":{"start":{"line":105,"column":4},"end":{"line":126,"column":5}},"34":{"start":{"line":106,"column":8},"end":{"line":120,"column":10}},"35":{"start":{"line":111,"column":12},"end":{"line":119,"column":13}},"36":{"start":{"line":112,"column":16},"end":{"line":114,"column":64}},"37":{"start":{"line":116,"column":16},"end":{"line":118,"column":18}},"38":{"start":{"line":122,"column":8},"end":{"line":125,"column":10}},"39":{"start":{"line":129,"column":0},"end":{"line":157,"column":1}},"40":{"start":{"line":130,"column":4},"end":{"line":156,"column":5}},"41":{"start":{"line":131,"column":19},"end":{"line":131,"column":32}},"42":{"start":{"line":132,"column":23},"end":{"line":132,"column":38}},"43":{"start":{"line":134,"column":8},"end":{"line":150,"column":9}},"44":{"start":{"line":137,"column":12},"end":{"line":148,"column":13}},"45":{"start":{"line":138,"column":16},"end":{"line":141,"column":18}},"46":{"start":{"line":143,"column":30},"end":{"line":143,"column":88}},"47":{"start":{"line":144,"column":16},"end":{"line":147,"column":18}},"48":{"start":{"line":152,"column":8},"end":{"line":155,"column":10}},"49":{"start":{"line":159,"column":0},"end":{"line":159,"column":32}}},"fnMap":{"0":{"name":"(anonymous_0)","decl":{"start":{"line":4,"column":28},"end":{"line":4,"column":29}},"loc":{"start":{"line":4,"column":42},"end":{"line":6,"column":1}},"line":4},"1":{"name":"(anonymous_1)","decl":{"start":{"line":8,"column":33},"end":{"line":8,"column":34}},"loc":{"start":{"line":8,"column":47},"end":{"line":50,"column":1}},"line":8},"2":{"name":"(anonymous_2)","decl":{"start":{"line":16,"column":8},"end":{"line":16,"column":9}},"loc":{"start":{"line":16,"column":41},"end":{"line":43,"column":9}},"line":16},"3":{"name":"(anonymous_3)","decl":{"start":{"line":28,"column":16},"end":{"line":28,"column":17}},"loc":{"start":{"line":28,"column":45},"end":{"line":40,"column":17}},"line":28},"4":{"name":"(anonymous_4)","decl":{"start":{"line":52,"column":34},"end":{"line":52,"column":35}},"loc":{"start":{"line":52,"column":48},"end":{"line":76,"column":1}},"line":52},"5":{"name":"(anonymous_5)","decl":{"start":{"line":58,"column":4},"end":{"line":58,"column":5}},"loc":{"start":{"line":58,"column":31},"end":{"line":75,"column":5}},"line":58},"6":{"name":"(anonymous_6)","decl":{"start":{"line":78,"column":31},"end":{"line":78,"column":32}},"loc":{"start":{"line":78,"column":45},"end":{"line":102,"column":1}},"line":78},"7":{"name":"(anonymous_7)","decl":{"start":{"line":84,"column":4},"end":{"line":84,"column":5}},"loc":{"start":{"line":84,"column":31},"end":{"line":101,"column":5}},"line":84},"8":{"name":"(anonymous_8)","decl":{"start":{"line":104,"column":30},"end":{"line":104,"column":31}},"loc":{"start":{"line":104,"column":44},"end":{"line":127,"column":1}},"line":104},"9":{"name":"(anonymous_9)","decl":{"start":{"line":110,"column":8},"end":{"line":110,"column":9}},"loc":{"start":{"line":110,"column":37},"end":{"line":120,"column":9}},"line":110},"10":{"name":"(anonymous_10)","decl":{"start":{"line":129,"column":31},"end":{"line":129,"column":32}},"loc":{"start":{"line":129,"column":45},"end":{"line":157,"column":1}},"line":129},"11":{"name":"(anonymous_11)","decl":{"start":{"line":136,"column":8},"end":{"line":136,"column":9}},"loc":{"start":{"line":136,"column":35},"end":{"line":149,"column":9}},"line":136}},"branchMap":{"0":{"loc":{"start":{"line":17,"column":12},"end":{"line":41,"column":13}},"type":"if","locations":[{"start":{"line":17,"column":12},"end":{"line":41,"column":13}},{"start":{"line":21,"column":19},"end":{"line":41,"column":13}}],"line":17},"1":{"loc":{"start":{"line":29,"column":20},"end":{"line":38,"column":21}},"type":"if","locations":[{"start":{"line":29,"column":20},"end":{"line":38,"column":21}},{"start":{"line":33,"column":26},"end":{"line":38,"column":21}}],"line":29},"2":{"loc":{"start":{"line":59,"column":8},"end":{"line":74,"column":9}},"type":"if","locations":[{"start":{"line":59,"column":8},"end":{"line":74,"column":9}},{"start":{"line":64,"column":14},"end":{"line":74,"column":9}}],"line":59},"3":{"loc":{"start":{"line":65,"column":12},"end":{"line":73,"column":13}},"type":"if","locations":[{"start":{"line":65,"column":12},"end":{"line":73,"column":13}},{"start":{"line":69,"column":17},"end":{"line":73,"column":13}}],"line":65},"4":{"loc":{"start":{"line":85,"column":8},"end":{"line":100,"column":9}},"type":"if","locations":[{"start":{"line":85,"column":8},"end":{"line":100,"column":9}},{"start":{"line":90,"column":14},"end":{"line":100,"column":9}}],"line":85},"5":{"loc":{"start":{"line":91,"column":12},"end":{"line":99,"column":13}},"type":"if","locations":[{"start":{"line":91,"column":12},"end":{"line":99,"column":13}},{"start":{"line":95,"column":17},"end":{"line":99,"column":13}}],"line":91},"6":{"loc":{"start":{"line":111,"column":12},"end":{"line":119,"column":13}},"type":"if","locations":[{"start":{"line":111,"column":12},"end":{"line":119,"column":13}},{"start":{"line":115,"column":19},"end":{"line":119,"column":13}}],"line":111},"7":{"loc":{"start":{"line":137,"column":12},"end":{"line":148,"column":13}},"type":"if","locations":[{"start":{"line":137,"column":12},"end":{"line":148,"column":13}},{"start":{"line":142,"column":17},"end":{"line":148,"column":13}}],"line":137},"8":{"loc":{"start":{"line":143,"column":30},"end":{"line":143,"column":88}},"type":"cond-expr","locations":[{"start":{"line":143,"column":44},"end":{"line":143,"column":66}},{"start":{"line":143,"column":69},"end":{"line":143,"column":88}}],"line":143}},"s":{"0":3,"1":3,"2":3,"3":1,"4":3,"5":1,"6":1,"7":1,"8":0,"9":1,"10":1,"11":0,"12":1,"13":0,"14":3,"15":2,"16":2,"17":2,"18":2,"19":1,"20":1,"21":0,"22":1,"23":3,"24":3,"25":3,"26":3,"27":3,"28":1,"29":2,"30":0,"31":2,"32":3,"33":1,"34":1,"35":1,"36":0,"37":1,"38":0,"39":3,"40":0,"41":0,"42":0,"43":0,"44":0,"45":0,"46":0,"47":0,"48":0,"49":3},"f":{"0":1,"1":1,"2":1,"3":1,"4":2,"5":2,"6":3,"7":3,"8":1,"9":1,"10":0,"11":0},"b":{"0":[0,1],"1":[0,1],"2":[1,1],"3":[0,1],"4":[1,2],"5":[0,2],"6":[0,1],"7":[0,0],"8":[0,0]},"_coverageSchema":"1a1c01bbd47fc00a2c39e90264f33305004495a9","hash":"17231f00fca72172e5fba0074c57bfdda540e115"}
,"/home/camran/Documents/Projects/AYD1_PROYECTO1_G7/Backend/src/Controllers/catalogoController.js": {"path":"/home/camran/Documents/Projects/AYD1_PROYECTO1_G7/Backend/src/Controllers/catalogoController.js","statementMap":{"0":{"start":{"line":1,"column":13},"end":{"line":1,"column":36}},"1":{"start":{"line":3,"column":0},"end":{"line":26,"column":1}},"2":{"start":{"line":4,"column":4},"end":{"line":4,"column":24}},"3":{"start":{"line":5,"column":70},"end":{"line":5,"column":78}},"4":{"start":{"line":6,"column":4},"end":{"line":6,"column":23}},"5":{"start":{"line":7,"column":4},"end":{"line":7,"column":26}},"6":{"start":{"line":8,"column":4},"end":{"line":8,"column":23}},"7":{"start":{"line":9,"column":4},"end":{"line":9,"column":24}},"8":{"start":{"line":10,"column":4},"end":{"line":10,"column":28}},"9":{"start":{"line":11,"column":4},"end":{"line":11,"column":23}},"10":{"start":{"line":13,"column":16},"end":{"line":14,"column":24}},"11":{"start":{"line":15,"column":4},"end":{"line":25,"column":6}},"12":{"start":{"line":16,"column":8},"end":{"line":21,"column":9}},"13":{"start":{"line":17,"column":12},"end":{"line":17,"column":29}},"14":{"start":{"line":18,"column":12},"end":{"line":20,"column":14}},"15":{"start":{"line":22,"column":8},"end":{"line":24,"column":10}},"16":{"start":{"line":28,"column":0},"end":{"line":41,"column":1}},"17":{"start":{"line":29,"column":16},"end":{"line":29,"column":41}},"18":{"start":{"line":30,"column":4},"end":{"line":40,"column":6}},"19":{"start":{"line":31,"column":8},"end":{"line":36,"column":9}},"20":{"start":{"line":32,"column":12},"end":{"line":32,"column":29}},"21":{"start":{"line":33,"column":12},"end":{"line":35,"column":14}},"22":{"start":{"line":37,"column":8},"end":{"line":39,"column":10}},"23":{"start":{"line":43,"column":0},"end":{"line":56,"column":1}},"24":{"start":{"line":44,"column":16},"end":{"line":44,"column":39}},"25":{"start":{"line":45,"column":4},"end":{"line":55,"column":6}},"26":{"start":{"line":46,"column":8},"end":{"line":51,"column":9}},"27":{"start":{"line":47,"column":12},"end":{"line":47,"column":29}},"28":{"start":{"line":48,"column":12},"end":{"line":50,"column":14}},"29":{"start":{"line":52,"column":8},"end":{"line":54,"column":10}},"30":{"start":{"line":58,"column":0},"end":{"line":78,"column":1}},"31":{"start":{"line":59,"column":24},"end":{"line":59,"column":32}},"32":{"start":{"line":60,"column":16},"end":{"line":66,"column":41}},"33":{"start":{"line":67,"column":8},"end":{"line":77,"column":10}},"34":{"start":{"line":68,"column":12},"end":{"line":73,"column":13}},"35":{"start":{"line":69,"column":16},"end":{"line":69,"column":33}},"36":{"start":{"line":70,"column":16},"end":{"line":72,"column":18}},"37":{"start":{"line":74,"column":12},"end":{"line":76,"column":14}}},"fnMap":{"0":{"name":"(anonymous_0)","decl":{"start":{"line":3,"column":21},"end":{"line":3,"column":22}},"loc":{"start":{"line":3,"column":41},"end":{"line":26,"column":1}},"line":3},"1":{"name":"(anonymous_1)","decl":{"start":{"line":15,"column":121},"end":{"line":15,"column":122}},"loc":{"start":{"line":15,"column":138},"end":{"line":25,"column":5}},"line":15},"2":{"name":"(anonymous_2)","decl":{"start":{"line":28,"column":21},"end":{"line":28,"column":22}},"loc":{"start":{"line":28,"column":41},"end":{"line":41,"column":1}},"line":28},"3":{"name":"(anonymous_3)","decl":{"start":{"line":30,"column":20},"end":{"line":30,"column":21}},"loc":{"start":{"line":30,"column":37},"end":{"line":40,"column":5}},"line":30},"4":{"name":"(anonymous_4)","decl":{"start":{"line":43,"column":19},"end":{"line":43,"column":20}},"loc":{"start":{"line":43,"column":39},"end":{"line":56,"column":1}},"line":43},"5":{"name":"(anonymous_5)","decl":{"start":{"line":45,"column":20},"end":{"line":45,"column":21}},"loc":{"start":{"line":45,"column":37},"end":{"line":55,"column":5}},"line":45},"6":{"name":"(anonymous_6)","decl":{"start":{"line":58,"column":33},"end":{"line":58,"column":34}},"loc":{"start":{"line":58,"column":53},"end":{"line":78,"column":1}},"line":58},"7":{"name":"(anonymous_7)","decl":{"start":{"line":67,"column":47},"end":{"line":67,"column":48}},"loc":{"start":{"line":67,"column":64},"end":{"line":77,"column":9}},"line":67}},"branchMap":{"0":{"loc":{"start":{"line":16,"column":8},"end":{"line":21,"column":9}},"type":"if","locations":[{"start":{"line":16,"column":8},"end":{"line":21,"column":9}},{"start":{},"end":{}}],"line":16},"1":{"loc":{"start":{"line":31,"column":8},"end":{"line":36,"column":9}},"type":"if","locations":[{"start":{"line":31,"column":8},"end":{"line":36,"column":9}},{"start":{},"end":{}}],"line":31},"2":{"loc":{"start":{"line":46,"column":8},"end":{"line":51,"column":9}},"type":"if","locations":[{"start":{"line":46,"column":8},"end":{"line":51,"column":9}},{"start":{},"end":{}}],"line":46},"3":{"loc":{"start":{"line":68,"column":12},"end":{"line":73,"column":13}},"type":"if","locations":[{"start":{"line":68,"column":12},"end":{"line":73,"column":13}},{"start":{},"end":{}}],"line":68}},"s":{"0":3,"1":3,"2":1,"3":1,"4":1,"5":1,"6":1,"7":1,"8":1,"9":1,"10":1,"11":1,"12":1,"13":1,"14":1,"15":0,"16":3,"17":1,"18":1,"19":1,"20":0,"21":0,"22":1,"23":3,"24":1,"25":1,"26":1,"27":0,"28":0,"29":1,"30":3,"31":1,"32":1,"33":1,"34":1,"35":0,"36":0,"37":1},"f":{"0":1,"1":1,"2":1,"3":1,"4":1,"5":1,"6":1,"7":1},"b":{"0":[1,0],"1":[0,1],"2":[0,1],"3":[0,1]},"_coverageSchema":"1a1c01bbd47fc00a2c39e90264f33305004495a9","hash":"7d975ab8c30c4a954c9a624cbec05fdb5981c80f"}
,"/home/camran/Documents/Projects/AYD1_PROYECTO1_G7/Backend/src/Controllers/consultas.js": {"path":"/home/camran/Documents/Projects/AYD1_PROYECTO1_G7/Backend/src/Controllers/consultas.js","statementMap":{"0":{"start":{"line":1,"column":14},"end":{"line":1,"column":30}},"1":{"start":{"line":2,"column":15},"end":{"line":8,"column":1}},"2":{"start":{"line":11,"column":0},"end":{"line":29,"column":1}},"3":{"start":{"line":12,"column":14},"end":{"line":12,"column":44}},"4":{"start":{"line":13,"column":4},"end":{"line":28,"column":6}},"5":{"start":{"line":14,"column":8},"end":{"line":18,"column":9}},"6":{"start":{"line":15,"column":12},"end":{"line":15,"column":75}},"7":{"start":{"line":16,"column":12},"end":{"line":16,"column":19}},"8":{"start":{"line":17,"column":12},"end":{"line":17,"column":18}},"9":{"start":{"line":19,"column":8},"end":{"line":27,"column":10}},"10":{"start":{"line":20,"column":12},"end":{"line":24,"column":13}},"11":{"start":{"line":21,"column":16},"end":{"line":21,"column":66}},"12":{"start":{"line":22,"column":16},"end":{"line":22,"column":23}},"13":{"start":{"line":23,"column":16},"end":{"line":23,"column":22}},"14":{"start":{"line":25,"column":12},"end":{"line":25,"column":26}},"15":{"start":{"line":26,"column":12},"end":{"line":26,"column":19}},"16":{"start":{"line":32,"column":0},"end":{"line":59,"column":1}},"17":{"start":{"line":33,"column":18},"end":{"line":33,"column":35}},"18":{"start":{"line":34,"column":14},"end":{"line":34,"column":44}},"19":{"start":{"line":35,"column":4},"end":{"line":58,"column":6}},"20":{"start":{"line":36,"column":8},"end":{"line":40,"column":9}},"21":{"start":{"line":37,"column":12},"end":{"line":37,"column":54}},"22":{"start":{"line":38,"column":12},"end":{"line":38,"column":19}},"23":{"start":{"line":39,"column":12},"end":{"line":39,"column":18}},"24":{"start":{"line":42,"column":7},"end":{"line":57,"column":10}},"25":{"start":{"line":44,"column":8},"end":{"line":48,"column":13}},"26":{"start":{"line":45,"column":16},"end":{"line":45,"column":58}},"27":{"start":{"line":46,"column":16},"end":{"line":46,"column":23}},"28":{"start":{"line":47,"column":16},"end":{"line":47,"column":22}},"29":{"start":{"line":49,"column":12},"end":{"line":53,"column":13}},"30":{"start":{"line":50,"column":16},"end":{"line":50,"column":58}},"31":{"start":{"line":51,"column":16},"end":{"line":51,"column":23}},"32":{"start":{"line":52,"column":16},"end":{"line":52,"column":22}},"33":{"start":{"line":55,"column":12},"end":{"line":55,"column":26}},"34":{"start":{"line":56,"column":12},"end":{"line":56,"column":19}}},"fnMap":{"0":{"name":"(anonymous_0)","decl":{"start":{"line":11,"column":24},"end":{"line":11,"column":25}},"loc":{"start":{"line":11,"column":43},"end":{"line":29,"column":1}},"line":11},"1":{"name":"(anonymous_1)","decl":{"start":{"line":13,"column":14},"end":{"line":13,"column":15}},"loc":{"start":{"line":13,"column":28},"end":{"line":28,"column":5}},"line":13},"2":{"name":"(anonymous_2)","decl":{"start":{"line":19,"column":44},"end":{"line":19,"column":45}},"loc":{"start":{"line":19,"column":64},"end":{"line":27,"column":9}},"line":19},"3":{"name":"(anonymous_3)","decl":{"start":{"line":32,"column":32},"end":{"line":32,"column":33}},"loc":{"start":{"line":32,"column":51},"end":{"line":59,"column":1}},"line":32},"4":{"name":"(anonymous_4)","decl":{"start":{"line":35,"column":14},"end":{"line":35,"column":15}},"loc":{"start":{"line":35,"column":28},"end":{"line":58,"column":5}},"line":35},"5":{"name":"(anonymous_5)","decl":{"start":{"line":43,"column":8},"end":{"line":43,"column":9}},"loc":{"start":{"line":43,"column":28},"end":{"line":57,"column":9}},"line":43}},"branchMap":{"0":{"loc":{"start":{"line":14,"column":8},"end":{"line":18,"column":9}},"type":"if","locations":[{"start":{"line":14,"column":8},"end":{"line":18,"column":9}},{"start":{},"end":{}}],"line":14},"1":{"loc":{"start":{"line":20,"column":12},"end":{"line":24,"column":13}},"type":"if","locations":[{"start":{"line":20,"column":12},"end":{"line":24,"column":13}},{"start":{},"end":{}}],"line":20},"2":{"loc":{"start":{"line":36,"column":8},"end":{"line":40,"column":9}},"type":"if","locations":[{"start":{"line":36,"column":8},"end":{"line":40,"column":9}},{"start":{},"end":{}}],"line":36},"3":{"loc":{"start":{"line":44,"column":8},"end":{"line":48,"column":13}},"type":"if","locations":[{"start":{"line":44,"column":8},"end":{"line":48,"column":13}},{"start":{},"end":{}}],"line":44},"4":{"loc":{"start":{"line":49,"column":12},"end":{"line":53,"column":13}},"type":"if","locations":[{"start":{"line":49,"column":12},"end":{"line":53,"column":13}},{"start":{},"end":{}}],"line":49}},"s":{"0":3,"1":3,"2":3,"3":1,"4":1,"5":1,"6":0,"7":0,"8":0,"9":1,"10":1,"11":0,"12":0,"13":0,"14":1,"15":1,"16":3,"17":0,"18":0,"19":0,"20":0,"21":0,"22":0,"23":0,"24":0,"25":0,"26":0,"27":0,"28":0,"29":0,"30":0,"31":0,"32":0,"33":0,"34":0},"f":{"0":1,"1":1,"2":1,"3":0,"4":0,"5":0},"b":{"0":[0,1],"1":[0,1],"2":[0,0],"3":[0,0],"4":[0,0]},"_coverageSchema":"1a1c01bbd47fc00a2c39e90264f33305004495a9","hash":"0a18985714befab78242453ff96fcead7f7976ef"}
,"/home/camran/Documents/Projects/AYD1_PROYECTO1_G7/Backend/src/Controllers/depaCiudadController.js": {"path":"/home/camran/Documents/Projects/AYD1_PROYECTO1_G7/Backend/src/Controllers/depaCiudadController.js","statementMap":{"0":{"start":{"line":1,"column":19},"end":{"line":1,"column":42}},"1":{"start":{"line":3,"column":0},"end":{"line":13,"column":1}},"2":{"start":{"line":4,"column":4},"end":{"line":12,"column":5}},"3":{"start":{"line":5,"column":4},"end":{"line":9,"column":5}},"4":{"start":{"line":6,"column":8},"end":{"line":8,"column":9}},"5":{"start":{"line":10,"column":4},"end":{"line":10,"column":20}},"6":{"start":{"line":15,"column":0},"end":{"line":27,"column":1}},"7":{"start":{"line":16,"column":25},"end":{"line":16,"column":33}},"8":{"start":{"line":17,"column":15},"end":{"line":17,"column":60}},"9":{"start":{"line":19,"column":2},"end":{"line":26,"column":3}},"10":{"start":{"line":20,"column":4},"end":{"line":24,"column":5}},"11":{"start":{"line":21,"column":8},"end":{"line":23,"column":9}},"12":{"start":{"line":25,"column":4},"end":{"line":25,"column":20}}},"fnMap":{"0":{"name":"(anonymous_0)","decl":{"start":{"line":3,"column":26},"end":{"line":3,"column":27}},"loc":{"start":{"line":3,"column":46},"end":{"line":13,"column":1}},"line":3},"1":{"name":"(anonymous_1)","decl":{"start":{"line":4,"column":52},"end":{"line":4,"column":53}},"loc":{"start":{"line":4,"column":69},"end":{"line":12,"column":3}},"line":4},"2":{"name":"(anonymous_2)","decl":{"start":{"line":15,"column":20},"end":{"line":15,"column":21}},"loc":{"start":{"line":15,"column":40},"end":{"line":27,"column":1}},"line":15},"3":{"name":"(anonymous_3)","decl":{"start":{"line":19,"column":41},"end":{"line":19,"column":42}},"loc":{"start":{"line":19,"column":58},"end":{"line":26,"column":1}},"line":19}},"branchMap":{"0":{"loc":{"start":{"line":5,"column":4},"end":{"line":9,"column":5}},"type":"if","locations":[{"start":{"line":5,"column":4},"end":{"line":9,"column":5}},{"start":{},"end":{}}],"line":5},"1":{"loc":{"start":{"line":20,"column":4},"end":{"line":24,"column":5}},"type":"if","locations":[{"start":{"line":20,"column":4},"end":{"line":24,"column":5}},{"start":{},"end":{}}],"line":20}},"s":{"0":3,"1":3,"2":0,"3":0,"4":0,"5":0,"6":3,"7":0,"8":0,"9":0,"10":0,"11":0,"12":0},"f":{"0":0,"1":0,"2":0,"3":0},"b":{"0":[0,0],"1":[0,0]},"_coverageSchema":"1a1c01bbd47fc00a2c39e90264f33305004495a9","hash":"2ac84e74c68b66a9d5caa441806bb31f6c262767"}
,"/home/camran/Documents/Projects/AYD1_PROYECTO1_G7/Backend/src/Controllers/empresaController.js": {"path":"/home/camran/Documents/Projects/AYD1_PROYECTO1_G7/Backend/src/Controllers/empresaController.js","statementMap":{"0":{"start":{"line":1,"column":19},"end":{"line":1,"column":42}},"1":{"start":{"line":2,"column":26},"end":{"line":2,"column":28}},"2":{"start":{"line":5,"column":4},"end":{"line":8,"column":6}},"3":{"start":{"line":14,"column":41},"end":{"line":14,"column":49}},"4":{"start":{"line":15,"column":4},"end":{"line":15,"column":57}},"5":{"start":{"line":16,"column":29},"end":{"line":17,"column":93}},"6":{"start":{"line":18,"column":27},"end":{"line":18,"column":64}},"7":{"start":{"line":19,"column":28},"end":{"line":19,"column":94}},"8":{"start":{"line":21,"column":18},"end":{"line":21,"column":94}},"9":{"start":{"line":23,"column":4},"end":{"line":62,"column":7}},"10":{"start":{"line":24,"column":8},"end":{"line":28,"column":9}},"11":{"start":{"line":25,"column":12},"end":{"line":25,"column":81}},"12":{"start":{"line":26,"column":12},"end":{"line":26,"column":59}},"13":{"start":{"line":27,"column":12},"end":{"line":27,"column":18}},"14":{"start":{"line":29,"column":8},"end":{"line":29,"column":78}},"15":{"start":{"line":30,"column":12},"end":{"line":61,"column":14}},"16":{"start":{"line":31,"column":16},"end":{"line":34,"column":17}},"17":{"start":{"line":32,"column":20},"end":{"line":32,"column":72}},"18":{"start":{"line":33,"column":20},"end":{"line":33,"column":26}},"19":{"start":{"line":36,"column":16},"end":{"line":60,"column":17}},"20":{"start":{"line":37,"column":20},"end":{"line":37,"column":44}},"21":{"start":{"line":38,"column":20},"end":{"line":53,"column":21}},"22":{"start":{"line":38,"column":34},"end":{"line":38,"column":35}},"23":{"start":{"line":39,"column":24},"end":{"line":39,"column":98}},"24":{"start":{"line":40,"column":24},"end":{"line":52,"column":26}},"25":{"start":{"line":41,"column":28},"end":{"line":44,"column":29}},"26":{"start":{"line":42,"column":32},"end":{"line":42,"column":77}},"27":{"start":{"line":43,"column":32},"end":{"line":43,"column":38}},"28":{"start":{"line":46,"column":28},"end":{"line":51,"column":29}},"29":{"start":{"line":47,"column":32},"end":{"line":47,"column":65}},"30":{"start":{"line":48,"column":32},"end":{"line":50,"column":34}},"31":{"start":{"line":55,"column":20},"end":{"line":55,"column":47}},"32":{"start":{"line":56,"column":20},"end":{"line":58,"column":22}},"33":{"start":{"line":59,"column":20},"end":{"line":59,"column":26}},"34":{"start":{"line":84,"column":0},"end":{"line":122,"column":1}},"35":{"start":{"line":86,"column":37},"end":{"line":86,"column":45}},"36":{"start":{"line":87,"column":4},"end":{"line":87,"column":36}},"37":{"start":{"line":88,"column":4},"end":{"line":88,"column":41}},"38":{"start":{"line":89,"column":29},"end":{"line":89,"column":82}},"39":{"start":{"line":90,"column":30},"end":{"line":90,"column":76}},"40":{"start":{"line":91,"column":4},"end":{"line":121,"column":5}},"41":{"start":{"line":98,"column":8},"end":{"line":118,"column":10}},"42":{"start":{"line":99,"column":12},"end":{"line":102,"column":13}},"43":{"start":{"line":100,"column":16},"end":{"line":100,"column":57}},"44":{"start":{"line":101,"column":16},"end":{"line":101,"column":22}},"45":{"start":{"line":103,"column":12},"end":{"line":103,"column":56}},"46":{"start":{"line":104,"column":12},"end":{"line":117,"column":13}},"47":{"start":{"line":105,"column":34},"end":{"line":105,"column":64}},"48":{"start":{"line":106,"column":16},"end":{"line":106,"column":59}},"49":{"start":{"line":108,"column":16},"end":{"line":116,"column":18}},"50":{"start":{"line":109,"column":20},"end":{"line":109,"column":65}},"51":{"start":{"line":110,"column":20},"end":{"line":113,"column":21}},"52":{"start":{"line":111,"column":24},"end":{"line":111,"column":73}},"53":{"start":{"line":112,"column":24},"end":{"line":112,"column":30}},"54":{"start":{"line":114,"column":38},"end":{"line":114,"column":68}},"55":{"start":{"line":115,"column":20},"end":{"line":115,"column":63}},"56":{"start":{"line":120,"column":8},"end":{"line":120,"column":66}},"57":{"start":{"line":127,"column":41},"end":{"line":127,"column":49}},"58":{"start":{"line":128,"column":29},"end":{"line":130,"column":37}},"59":{"start":{"line":131,"column":28},"end":{"line":131,"column":94}},"60":{"start":{"line":133,"column":18},"end":{"line":133,"column":93}},"61":{"start":{"line":134,"column":4},"end":{"line":134,"column":42}},"62":{"start":{"line":135,"column":4},"end":{"line":162,"column":7}},"63":{"start":{"line":136,"column":8},"end":{"line":138,"column":9}},"64":{"start":{"line":137,"column":12},"end":{"line":137,"column":59}},"65":{"start":{"line":139,"column":8},"end":{"line":139,"column":53}},"66":{"start":{"line":140,"column":25},"end":{"line":140,"column":54}},"67":{"start":{"line":141,"column":8},"end":{"line":161,"column":9}},"68":{"start":{"line":142,"column":12},"end":{"line":142,"column":36}},"69":{"start":{"line":143,"column":12},"end":{"line":155,"column":13}},"70":{"start":{"line":143,"column":26},"end":{"line":143,"column":27}},"71":{"start":{"line":144,"column":16},"end":{"line":154,"column":18}},"72":{"start":{"line":145,"column":20},"end":{"line":147,"column":21}},"73":{"start":{"line":146,"column":24},"end":{"line":146,"column":69}},"74":{"start":{"line":149,"column":20},"end":{"line":153,"column":21}},"75":{"start":{"line":150,"column":24},"end":{"line":152,"column":26}},"76":{"start":{"line":157,"column":12},"end":{"line":157,"column":39}},"77":{"start":{"line":158,"column":12},"end":{"line":160,"column":14}},"78":{"start":{"line":184,"column":0},"end":{"line":220,"column":1}},"79":{"start":{"line":186,"column":37},"end":{"line":186,"column":45}},"80":{"start":{"line":187,"column":4},"end":{"line":187,"column":34}},"81":{"start":{"line":188,"column":4},"end":{"line":188,"column":41}},"82":{"start":{"line":189,"column":29},"end":{"line":189,"column":82}},"83":{"start":{"line":190,"column":30},"end":{"line":190,"column":76}},"84":{"start":{"line":191,"column":4},"end":{"line":219,"column":5}},"85":{"start":{"line":198,"column":8},"end":{"line":216,"column":10}},"86":{"start":{"line":199,"column":12},"end":{"line":201,"column":13}},"87":{"start":{"line":200,"column":16},"end":{"line":200,"column":57}},"88":{"start":{"line":202,"column":12},"end":{"line":202,"column":56}},"89":{"start":{"line":203,"column":12},"end":{"line":215,"column":13}},"90":{"start":{"line":204,"column":34},"end":{"line":204,"column":64}},"91":{"start":{"line":205,"column":16},"end":{"line":205,"column":58}},"92":{"start":{"line":207,"column":16},"end":{"line":214,"column":18}},"93":{"start":{"line":208,"column":20},"end":{"line":208,"column":65}},"94":{"start":{"line":209,"column":20},"end":{"line":211,"column":21}},"95":{"start":{"line":210,"column":24},"end":{"line":210,"column":73}},"96":{"start":{"line":212,"column":38},"end":{"line":212,"column":68}},"97":{"start":{"line":213,"column":20},"end":{"line":213,"column":62}},"98":{"start":{"line":218,"column":8},"end":{"line":218,"column":66}},"99":{"start":{"line":222,"column":0},"end":{"line":237,"column":1}},"100":{"start":{"line":223,"column":23},"end":{"line":223,"column":31}},"101":{"start":{"line":224,"column":16},"end":{"line":224,"column":57}},"102":{"start":{"line":225,"column":4},"end":{"line":236,"column":5}},"103":{"start":{"line":226,"column":8},"end":{"line":233,"column":10}},"104":{"start":{"line":227,"column":12},"end":{"line":229,"column":13}},"105":{"start":{"line":228,"column":16},"end":{"line":228,"column":59}},"106":{"start":{"line":230,"column":12},"end":{"line":232,"column":14}},"107":{"start":{"line":235,"column":8},"end":{"line":235,"column":47}},"108":{"start":{"line":239,"column":0},"end":{"line":262,"column":1}},"109":{"start":{"line":240,"column":23},"end":{"line":240,"column":31}},"110":{"start":{"line":241,"column":16},"end":{"line":243,"column":37}},"111":{"start":{"line":244,"column":4},"end":{"line":261,"column":5}},"112":{"start":{"line":245,"column":8},"end":{"line":257,"column":10}},"113":{"start":{"line":246,"column":12},"end":{"line":248,"column":13}},"114":{"start":{"line":247,"column":16},"end":{"line":247,"column":56}},"115":{"start":{"line":249,"column":12},"end":{"line":256,"column":13}},"116":{"start":{"line":250,"column":16},"end":{"line":252,"column":18}},"117":{"start":{"line":254,"column":16},"end":{"line":254,"column":87}},"118":{"start":{"line":255,"column":16},"end":{"line":255,"column":67}},"119":{"start":{"line":259,"column":8},"end":{"line":259,"column":44}},"120":{"start":{"line":260,"column":8},"end":{"line":260,"column":48}},"121":{"start":{"line":265,"column":0},"end":{"line":290,"column":1}},"122":{"start":{"line":266,"column":24},"end":{"line":266,"column":32}},"123":{"start":{"line":268,"column":16},"end":{"line":268,"column":63}},"124":{"start":{"line":270,"column":4},"end":{"line":289,"column":5}},"125":{"start":{"line":271,"column":8},"end":{"line":286,"column":10}},"126":{"start":{"line":272,"column":12},"end":{"line":274,"column":13}},"127":{"start":{"line":273,"column":16},"end":{"line":273,"column":48}},"128":{"start":{"line":275,"column":12},"end":{"line":285,"column":13}},"129":{"start":{"line":276,"column":16},"end":{"line":282,"column":17}},"130":{"start":{"line":277,"column":20},"end":{"line":279,"column":22}},"131":{"start":{"line":281,"column":20},"end":{"line":281,"column":66}},"132":{"start":{"line":284,"column":16},"end":{"line":284,"column":64}},"133":{"start":{"line":288,"column":8},"end":{"line":288,"column":83}},"134":{"start":{"line":292,"column":0},"end":{"line":317,"column":1}},"135":{"start":{"line":293,"column":22},"end":{"line":293,"column":30}},"136":{"start":{"line":295,"column":16},"end":{"line":295,"column":62}},"137":{"start":{"line":296,"column":4},"end":{"line":316,"column":5}},"138":{"start":{"line":297,"column":8},"end":{"line":313,"column":10}},"139":{"start":{"line":298,"column":12},"end":{"line":300,"column":13}},"140":{"start":{"line":299,"column":16},"end":{"line":299,"column":65}},"141":{"start":{"line":302,"column":12},"end":{"line":312,"column":13}},"142":{"start":{"line":303,"column":16},"end":{"line":309,"column":17}},"143":{"start":{"line":304,"column":20},"end":{"line":306,"column":22}},"144":{"start":{"line":308,"column":20},"end":{"line":308,"column":74}},"145":{"start":{"line":311,"column":16},"end":{"line":311,"column":69}},"146":{"start":{"line":315,"column":8},"end":{"line":315,"column":60}},"147":{"start":{"line":328,"column":0},"end":{"line":346,"column":1}},"148":{"start":{"line":329,"column":19},"end":{"line":329,"column":36}},"149":{"start":{"line":330,"column":17},"end":{"line":330,"column":29}},"150":{"start":{"line":331,"column":16},"end":{"line":331,"column":101}},"151":{"start":{"line":332,"column":4},"end":{"line":344,"column":5}},"152":{"start":{"line":333,"column":27},"end":{"line":333,"column":45}},"153":{"start":{"line":334,"column":8},"end":{"line":341,"column":10}},"154":{"start":{"line":335,"column":12},"end":{"line":337,"column":13}},"155":{"start":{"line":336,"column":16},"end":{"line":336,"column":25}},"156":{"start":{"line":338,"column":12},"end":{"line":340,"column":14}},"157":{"start":{"line":343,"column":8},"end":{"line":343,"column":64}},"158":{"start":{"line":348,"column":0},"end":{"line":367,"column":1}},"159":{"start":{"line":350,"column":43},"end":{"line":350,"column":51}},"160":{"start":{"line":351,"column":17},"end":{"line":351,"column":28}},"161":{"start":{"line":352,"column":16},"end":{"line":352,"column":126}},"162":{"start":{"line":353,"column":4},"end":{"line":365,"column":5}},"163":{"start":{"line":354,"column":27},"end":{"line":354,"column":67}},"164":{"start":{"line":355,"column":8},"end":{"line":362,"column":10}},"165":{"start":{"line":356,"column":12},"end":{"line":358,"column":13}},"166":{"start":{"line":357,"column":16},"end":{"line":357,"column":25}},"167":{"start":{"line":359,"column":12},"end":{"line":361,"column":14}},"168":{"start":{"line":364,"column":8},"end":{"line":364,"column":64}},"169":{"start":{"line":369,"column":0},"end":{"line":387,"column":1}},"170":{"start":{"line":370,"column":25},"end":{"line":370,"column":48}},"171":{"start":{"line":371,"column":16},"end":{"line":371,"column":78}},"172":{"start":{"line":372,"column":4},"end":{"line":386,"column":5}},"173":{"start":{"line":373,"column":8},"end":{"line":383,"column":10}},"174":{"start":{"line":374,"column":12},"end":{"line":376,"column":13}},"175":{"start":{"line":375,"column":16},"end":{"line":375,"column":25}},"176":{"start":{"line":377,"column":12},"end":{"line":382,"column":13}},"177":{"start":{"line":378,"column":35},"end":{"line":378,"column":45}},"178":{"start":{"line":379,"column":16},"end":{"line":381,"column":18}},"179":{"start":{"line":385,"column":8},"end":{"line":385,"column":82}},"180":{"start":{"line":389,"column":0},"end":{"line":408,"column":1}},"181":{"start":{"line":390,"column":37},"end":{"line":390,"column":45}},"182":{"start":{"line":391,"column":16},"end":{"line":391,"column":79}},"183":{"start":{"line":392,"column":4},"end":{"line":407,"column":5}},"184":{"start":{"line":393,"column":25},"end":{"line":393,"column":51}},"185":{"start":{"line":394,"column":8},"end":{"line":404,"column":10}},"186":{"start":{"line":395,"column":12},"end":{"line":397,"column":13}},"187":{"start":{"line":396,"column":16},"end":{"line":396,"column":25}},"188":{"start":{"line":398,"column":12},"end":{"line":403,"column":13}},"189":{"start":{"line":399,"column":29},"end":{"line":399,"column":39}},"190":{"start":{"line":400,"column":16},"end":{"line":402,"column":18}},"191":{"start":{"line":406,"column":8},"end":{"line":406,"column":82}},"192":{"start":{"line":410,"column":0},"end":{"line":450,"column":1}},"193":{"start":{"line":411,"column":43},"end":{"line":411,"column":51}},"194":{"start":{"line":412,"column":30},"end":{"line":416,"column":65}},"195":{"start":{"line":417,"column":4},"end":{"line":449,"column":5}},"196":{"start":{"line":418,"column":8},"end":{"line":418,"column":67}},"197":{"start":{"line":419,"column":22},"end":{"line":419,"column":24}},"198":{"start":{"line":420,"column":8},"end":{"line":446,"column":10}},"199":{"start":{"line":421,"column":12},"end":{"line":423,"column":13}},"200":{"start":{"line":422,"column":16},"end":{"line":422,"column":25}},"201":{"start":{"line":424,"column":12},"end":{"line":424,"column":83}},"202":{"start":{"line":425,"column":12},"end":{"line":445,"column":13}},"203":{"start":{"line":426,"column":16},"end":{"line":437,"column":18}},"204":{"start":{"line":427,"column":20},"end":{"line":427,"column":54}},"205":{"start":{"line":436,"column":20},"end":{"line":436,"column":38}},"206":{"start":{"line":438,"column":16},"end":{"line":438,"column":44}},"207":{"start":{"line":439,"column":16},"end":{"line":444,"column":18}},"208":{"start":{"line":448,"column":8},"end":{"line":448,"column":61}},"209":{"start":{"line":452,"column":0},"end":{"line":485,"column":1}},"210":{"start":{"line":454,"column":30},"end":{"line":454,"column":38}},"211":{"start":{"line":455,"column":16},"end":{"line":463,"column":34}},"212":{"start":{"line":464,"column":4},"end":{"line":464,"column":38}},"213":{"start":{"line":465,"column":4},"end":{"line":483,"column":5}},"214":{"start":{"line":466,"column":19},"end":{"line":466,"column":49}},"215":{"start":{"line":467,"column":8},"end":{"line":467,"column":91}},"216":{"start":{"line":468,"column":8},"end":{"line":480,"column":10}},"217":{"start":{"line":469,"column":12},"end":{"line":469,"column":52}},"218":{"start":{"line":470,"column":12},"end":{"line":472,"column":13}},"219":{"start":{"line":471,"column":16},"end":{"line":471,"column":27}},"220":{"start":{"line":473,"column":12},"end":{"line":473,"column":71}},"221":{"start":{"line":474,"column":12},"end":{"line":479,"column":13}},"222":{"start":{"line":475,"column":16},"end":{"line":475,"column":78}},"223":{"start":{"line":476,"column":16},"end":{"line":478,"column":18}},"224":{"start":{"line":482,"column":8},"end":{"line":482,"column":75}},"225":{"start":{"line":484,"column":4},"end":{"line":484,"column":11}},"226":{"start":{"line":487,"column":0},"end":{"line":487,"column":35}}},"fnMap":{"0":{"name":"answerError","decl":{"start":{"line":4,"column":9},"end":{"line":4,"column":20}},"loc":{"start":{"line":4,"column":38},"end":{"line":9,"column":1}},"line":4},"1":{"name":"handleModifyProducto","decl":{"start":{"line":12,"column":9},"end":{"line":12,"column":29}},"loc":{"start":{"line":12,"column":54},"end":{"line":63,"column":1}},"line":12},"2":{"name":"(anonymous_2)","decl":{"start":{"line":23,"column":50},"end":{"line":23,"column":51}},"loc":{"start":{"line":23,"column":96},"end":{"line":62,"column":5}},"line":23},"3":{"name":"(anonymous_3)","decl":{"start":{"line":30,"column":61},"end":{"line":30,"column":62}},"loc":{"start":{"line":30,"column":107},"end":{"line":61,"column":13}},"line":30},"4":{"name":"(anonymous_4)","decl":{"start":{"line":40,"column":109},"end":{"line":40,"column":110}},"loc":{"start":{"line":40,"column":152},"end":{"line":52,"column":25}},"line":40},"5":{"name":"(anonymous_5)","decl":{"start":{"line":84,"column":35},"end":{"line":84,"column":36}},"loc":{"start":{"line":84,"column":49},"end":{"line":122,"column":1}},"line":84},"6":{"name":"(anonymous_6)","decl":{"start":{"line":98,"column":58},"end":{"line":98,"column":59}},"loc":{"start":{"line":98,"column":94},"end":{"line":118,"column":9}},"line":98},"7":{"name":"(anonymous_7)","decl":{"start":{"line":108,"column":67},"end":{"line":108,"column":68}},"loc":{"start":{"line":108,"column":115},"end":{"line":116,"column":17}},"line":108},"8":{"name":"handleInsertProduct","decl":{"start":{"line":125,"column":9},"end":{"line":125,"column":28}},"loc":{"start":{"line":125,"column":53},"end":{"line":163,"column":1}},"line":125},"9":{"name":"(anonymous_9)","decl":{"start":{"line":135,"column":50},"end":{"line":135,"column":51}},"loc":{"start":{"line":135,"column":96},"end":{"line":162,"column":5}},"line":135},"10":{"name":"(anonymous_10)","decl":{"start":{"line":144,"column":101},"end":{"line":144,"column":102}},"loc":{"start":{"line":144,"column":144},"end":{"line":154,"column":17}},"line":144},"11":{"name":"(anonymous_11)","decl":{"start":{"line":184,"column":35},"end":{"line":184,"column":36}},"loc":{"start":{"line":184,"column":49},"end":{"line":220,"column":1}},"line":184},"12":{"name":"(anonymous_12)","decl":{"start":{"line":198,"column":58},"end":{"line":198,"column":59}},"loc":{"start":{"line":198,"column":94},"end":{"line":216,"column":9}},"line":198},"13":{"name":"(anonymous_13)","decl":{"start":{"line":207,"column":67},"end":{"line":207,"column":68}},"loc":{"start":{"line":207,"column":115},"end":{"line":214,"column":17}},"line":207},"14":{"name":"(anonymous_14)","decl":{"start":{"line":222,"column":35},"end":{"line":222,"column":36}},"loc":{"start":{"line":222,"column":49},"end":{"line":237,"column":1}},"line":222},"15":{"name":"(anonymous_15)","decl":{"start":{"line":226,"column":46},"end":{"line":226,"column":47}},"loc":{"start":{"line":226,"column":82},"end":{"line":233,"column":9}},"line":226},"16":{"name":"(anonymous_16)","decl":{"start":{"line":239,"column":30},"end":{"line":239,"column":31}},"loc":{"start":{"line":239,"column":44},"end":{"line":262,"column":1}},"line":239},"17":{"name":"(anonymous_17)","decl":{"start":{"line":245,"column":46},"end":{"line":245,"column":47}},"loc":{"start":{"line":245,"column":78},"end":{"line":257,"column":9}},"line":245},"18":{"name":"(anonymous_18)","decl":{"start":{"line":265,"column":33},"end":{"line":265,"column":34}},"loc":{"start":{"line":265,"column":47},"end":{"line":290,"column":1}},"line":265},"19":{"name":"(anonymous_19)","decl":{"start":{"line":271,"column":47},"end":{"line":271,"column":48}},"loc":{"start":{"line":271,"column":65},"end":{"line":286,"column":9}},"line":271},"20":{"name":"(anonymous_20)","decl":{"start":{"line":292,"column":26},"end":{"line":292,"column":27}},"loc":{"start":{"line":292,"column":40},"end":{"line":317,"column":1}},"line":292},"21":{"name":"(anonymous_21)","decl":{"start":{"line":297,"column":45},"end":{"line":297,"column":46}},"loc":{"start":{"line":297,"column":60},"end":{"line":313,"column":9}},"line":297},"22":{"name":"(anonymous_22)","decl":{"start":{"line":328,"column":34},"end":{"line":328,"column":35}},"loc":{"start":{"line":328,"column":48},"end":{"line":346,"column":1}},"line":328},"23":{"name":"(anonymous_23)","decl":{"start":{"line":334,"column":46},"end":{"line":334,"column":47}},"loc":{"start":{"line":334,"column":64},"end":{"line":341,"column":9}},"line":334},"24":{"name":"(anonymous_24)","decl":{"start":{"line":348,"column":32},"end":{"line":348,"column":33}},"loc":{"start":{"line":348,"column":46},"end":{"line":367,"column":1}},"line":348},"25":{"name":"(anonymous_25)","decl":{"start":{"line":355,"column":46},"end":{"line":355,"column":47}},"loc":{"start":{"line":355,"column":64},"end":{"line":362,"column":9}},"line":355},"26":{"name":"(anonymous_26)","decl":{"start":{"line":369,"column":40},"end":{"line":369,"column":41}},"loc":{"start":{"line":369,"column":54},"end":{"line":387,"column":1}},"line":369},"27":{"name":"(anonymous_27)","decl":{"start":{"line":373,"column":50},"end":{"line":373,"column":51}},"loc":{"start":{"line":373,"column":68},"end":{"line":383,"column":9}},"line":373},"28":{"name":"(anonymous_28)","decl":{"start":{"line":389,"column":34},"end":{"line":389,"column":35}},"loc":{"start":{"line":389,"column":48},"end":{"line":408,"column":1}},"line":389},"29":{"name":"(anonymous_29)","decl":{"start":{"line":394,"column":44},"end":{"line":394,"column":45}},"loc":{"start":{"line":394,"column":62},"end":{"line":404,"column":9}},"line":394},"30":{"name":"(anonymous_30)","decl":{"start":{"line":410,"column":35},"end":{"line":410,"column":36}},"loc":{"start":{"line":410,"column":49},"end":{"line":450,"column":1}},"line":410},"31":{"name":"(anonymous_31)","decl":{"start":{"line":420,"column":58},"end":{"line":420,"column":59}},"loc":{"start":{"line":420,"column":73},"end":{"line":446,"column":9}},"line":420},"32":{"name":"(anonymous_32)","decl":{"start":{"line":426,"column":29},"end":{"line":426,"column":30}},"loc":{"start":{"line":426,"column":37},"end":{"line":437,"column":17}},"line":426},"33":{"name":"(anonymous_33)","decl":{"start":{"line":452,"column":34},"end":{"line":452,"column":35}},"loc":{"start":{"line":452,"column":48},"end":{"line":485,"column":1}},"line":452},"34":{"name":"(anonymous_34)","decl":{"start":{"line":468,"column":38},"end":{"line":468,"column":39}},"loc":{"start":{"line":468,"column":57},"end":{"line":480,"column":9}},"line":468}},"branchMap":{"0":{"loc":{"start":{"line":24,"column":8},"end":{"line":28,"column":9}},"type":"if","locations":[{"start":{"line":24,"column":8},"end":{"line":28,"column":9}},{"start":{},"end":{}}],"line":24},"1":{"loc":{"start":{"line":31,"column":16},"end":{"line":34,"column":17}},"type":"if","locations":[{"start":{"line":31,"column":16},"end":{"line":34,"column":17}},{"start":{},"end":{}}],"line":31},"2":{"loc":{"start":{"line":36,"column":16},"end":{"line":60,"column":17}},"type":"if","locations":[{"start":{"line":36,"column":16},"end":{"line":60,"column":17}},{"start":{"line":54,"column":21},"end":{"line":60,"column":17}}],"line":36},"3":{"loc":{"start":{"line":41,"column":28},"end":{"line":44,"column":29}},"type":"if","locations":[{"start":{"line":41,"column":28},"end":{"line":44,"column":29}},{"start":{},"end":{}}],"line":41},"4":{"loc":{"start":{"line":46,"column":28},"end":{"line":51,"column":29}},"type":"if","locations":[{"start":{"line":46,"column":28},"end":{"line":51,"column":29}},{"start":{},"end":{}}],"line":46},"5":{"loc":{"start":{"line":99,"column":12},"end":{"line":102,"column":13}},"type":"if","locations":[{"start":{"line":99,"column":12},"end":{"line":102,"column":13}},{"start":{},"end":{}}],"line":99},"6":{"loc":{"start":{"line":104,"column":12},"end":{"line":117,"column":13}},"type":"if","locations":[{"start":{"line":104,"column":12},"end":{"line":117,"column":13}},{"start":{"line":107,"column":17},"end":{"line":117,"column":13}}],"line":104},"7":{"loc":{"start":{"line":104,"column":15},"end":{"line":104,"column":60}},"type":"binary-expr","locations":[{"start":{"line":104,"column":15},"end":{"line":104,"column":30}},{"start":{"line":104,"column":34},"end":{"line":104,"column":60}}],"line":104},"8":{"loc":{"start":{"line":110,"column":20},"end":{"line":113,"column":21}},"type":"if","locations":[{"start":{"line":110,"column":20},"end":{"line":113,"column":21}},{"start":{},"end":{}}],"line":110},"9":{"loc":{"start":{"line":136,"column":8},"end":{"line":138,"column":9}},"type":"if","locations":[{"start":{"line":136,"column":8},"end":{"line":138,"column":9}},{"start":{},"end":{}}],"line":136},"10":{"loc":{"start":{"line":141,"column":8},"end":{"line":161,"column":9}},"type":"if","locations":[{"start":{"line":141,"column":8},"end":{"line":161,"column":9}},{"start":{"line":156,"column":13},"end":{"line":161,"column":9}}],"line":141},"11":{"loc":{"start":{"line":145,"column":20},"end":{"line":147,"column":21}},"type":"if","locations":[{"start":{"line":145,"column":20},"end":{"line":147,"column":21}},{"start":{},"end":{}}],"line":145},"12":{"loc":{"start":{"line":149,"column":20},"end":{"line":153,"column":21}},"type":"if","locations":[{"start":{"line":149,"column":20},"end":{"line":153,"column":21}},{"start":{},"end":{}}],"line":149},"13":{"loc":{"start":{"line":199,"column":12},"end":{"line":201,"column":13}},"type":"if","locations":[{"start":{"line":199,"column":12},"end":{"line":201,"column":13}},{"start":{},"end":{}}],"line":199},"14":{"loc":{"start":{"line":203,"column":12},"end":{"line":215,"column":13}},"type":"if","locations":[{"start":{"line":203,"column":12},"end":{"line":215,"column":13}},{"start":{"line":206,"column":17},"end":{"line":215,"column":13}}],"line":203},"15":{"loc":{"start":{"line":203,"column":15},"end":{"line":203,"column":60}},"type":"binary-expr","locations":[{"start":{"line":203,"column":15},"end":{"line":203,"column":30}},{"start":{"line":203,"column":34},"end":{"line":203,"column":60}}],"line":203},"16":{"loc":{"start":{"line":209,"column":20},"end":{"line":211,"column":21}},"type":"if","locations":[{"start":{"line":209,"column":20},"end":{"line":211,"column":21}},{"start":{},"end":{}}],"line":209},"17":{"loc":{"start":{"line":227,"column":12},"end":{"line":229,"column":13}},"type":"if","locations":[{"start":{"line":227,"column":12},"end":{"line":229,"column":13}},{"start":{},"end":{}}],"line":227},"18":{"loc":{"start":{"line":246,"column":12},"end":{"line":248,"column":13}},"type":"if","locations":[{"start":{"line":246,"column":12},"end":{"line":248,"column":13}},{"start":{},"end":{}}],"line":246},"19":{"loc":{"start":{"line":249,"column":12},"end":{"line":256,"column":13}},"type":"if","locations":[{"start":{"line":249,"column":12},"end":{"line":256,"column":13}},{"start":{"line":253,"column":17},"end":{"line":256,"column":13}}],"line":249},"20":{"loc":{"start":{"line":249,"column":15},"end":{"line":249,"column":54}},"type":"binary-expr","locations":[{"start":{"line":249,"column":15},"end":{"line":249,"column":28}},{"start":{"line":249,"column":32},"end":{"line":249,"column":54}}],"line":249},"21":{"loc":{"start":{"line":272,"column":12},"end":{"line":274,"column":13}},"type":"if","locations":[{"start":{"line":272,"column":12},"end":{"line":274,"column":13}},{"start":{},"end":{}}],"line":272},"22":{"loc":{"start":{"line":275,"column":12},"end":{"line":285,"column":13}},"type":"if","locations":[{"start":{"line":275,"column":12},"end":{"line":285,"column":13}},{"start":{"line":283,"column":17},"end":{"line":285,"column":13}}],"line":275},"23":{"loc":{"start":{"line":275,"column":15},"end":{"line":275,"column":54}},"type":"binary-expr","locations":[{"start":{"line":275,"column":15},"end":{"line":275,"column":30}},{"start":{"line":275,"column":34},"end":{"line":275,"column":54}}],"line":275},"24":{"loc":{"start":{"line":276,"column":16},"end":{"line":282,"column":17}},"type":"if","locations":[{"start":{"line":276,"column":16},"end":{"line":282,"column":17}},{"start":{"line":280,"column":21},"end":{"line":282,"column":17}}],"line":276},"25":{"loc":{"start":{"line":298,"column":12},"end":{"line":300,"column":13}},"type":"if","locations":[{"start":{"line":298,"column":12},"end":{"line":300,"column":13}},{"start":{},"end":{}}],"line":298},"26":{"loc":{"start":{"line":302,"column":12},"end":{"line":312,"column":13}},"type":"if","locations":[{"start":{"line":302,"column":12},"end":{"line":312,"column":13}},{"start":{"line":310,"column":17},"end":{"line":312,"column":13}}],"line":302},"27":{"loc":{"start":{"line":303,"column":16},"end":{"line":309,"column":17}},"type":"if","locations":[{"start":{"line":303,"column":16},"end":{"line":309,"column":17}},{"start":{"line":307,"column":21},"end":{"line":309,"column":17}}],"line":303},"28":{"loc":{"start":{"line":335,"column":12},"end":{"line":337,"column":13}},"type":"if","locations":[{"start":{"line":335,"column":12},"end":{"line":337,"column":13}},{"start":{},"end":{}}],"line":335},"29":{"loc":{"start":{"line":335,"column":15},"end":{"line":335,"column":63}},"type":"binary-expr","locations":[{"start":{"line":335,"column":15},"end":{"line":335,"column":18}},{"start":{"line":335,"column":22},"end":{"line":335,"column":43}},{"start":{"line":335,"column":47},"end":{"line":335,"column":63}}],"line":335},"30":{"loc":{"start":{"line":356,"column":12},"end":{"line":358,"column":13}},"type":"if","locations":[{"start":{"line":356,"column":12},"end":{"line":358,"column":13}},{"start":{},"end":{}}],"line":356},"31":{"loc":{"start":{"line":356,"column":15},"end":{"line":356,"column":63}},"type":"binary-expr","locations":[{"start":{"line":356,"column":15},"end":{"line":356,"column":18}},{"start":{"line":356,"column":22},"end":{"line":356,"column":43}},{"start":{"line":356,"column":47},"end":{"line":356,"column":63}}],"line":356},"32":{"loc":{"start":{"line":374,"column":12},"end":{"line":376,"column":13}},"type":"if","locations":[{"start":{"line":374,"column":12},"end":{"line":376,"column":13}},{"start":{},"end":{}}],"line":374},"33":{"loc":{"start":{"line":374,"column":15},"end":{"line":374,"column":63}},"type":"binary-expr","locations":[{"start":{"line":374,"column":15},"end":{"line":374,"column":18}},{"start":{"line":374,"column":22},"end":{"line":374,"column":43}},{"start":{"line":374,"column":47},"end":{"line":374,"column":63}}],"line":374},"34":{"loc":{"start":{"line":377,"column":12},"end":{"line":382,"column":13}},"type":"if","locations":[{"start":{"line":377,"column":12},"end":{"line":382,"column":13}},{"start":{},"end":{}}],"line":377},"35":{"loc":{"start":{"line":395,"column":12},"end":{"line":397,"column":13}},"type":"if","locations":[{"start":{"line":395,"column":12},"end":{"line":397,"column":13}},{"start":{},"end":{}}],"line":395},"36":{"loc":{"start":{"line":395,"column":15},"end":{"line":395,"column":63}},"type":"binary-expr","locations":[{"start":{"line":395,"column":15},"end":{"line":395,"column":18}},{"start":{"line":395,"column":22},"end":{"line":395,"column":43}},{"start":{"line":395,"column":47},"end":{"line":395,"column":63}}],"line":395},"37":{"loc":{"start":{"line":398,"column":12},"end":{"line":403,"column":13}},"type":"if","locations":[{"start":{"line":398,"column":12},"end":{"line":403,"column":13}},{"start":{},"end":{}}],"line":398},"38":{"loc":{"start":{"line":421,"column":12},"end":{"line":423,"column":13}},"type":"if","locations":[{"start":{"line":421,"column":12},"end":{"line":423,"column":13}},{"start":{},"end":{}}],"line":421},"39":{"loc":{"start":{"line":421,"column":15},"end":{"line":421,"column":57}},"type":"binary-expr","locations":[{"start":{"line":421,"column":15},"end":{"line":421,"column":18}},{"start":{"line":421,"column":22},"end":{"line":421,"column":40}},{"start":{"line":421,"column":44},"end":{"line":421,"column":57}}],"line":421},"40":{"loc":{"start":{"line":425,"column":12},"end":{"line":445,"column":13}},"type":"if","locations":[{"start":{"line":425,"column":12},"end":{"line":445,"column":13}},{"start":{},"end":{}}],"line":425},"41":{"loc":{"start":{"line":470,"column":12},"end":{"line":472,"column":13}},"type":"if","locations":[{"start":{"line":470,"column":12},"end":{"line":472,"column":13}},{"start":{},"end":{}}],"line":470},"42":{"loc":{"start":{"line":470,"column":15},"end":{"line":470,"column":63}},"type":"binary-expr","locations":[{"start":{"line":470,"column":15},"end":{"line":470,"column":20}},{"start":{"line":470,"column":24},"end":{"line":470,"column":44}},{"start":{"line":470,"column":48},"end":{"line":470,"column":63}}],"line":470},"43":{"loc":{"start":{"line":474,"column":12},"end":{"line":479,"column":13}},"type":"if","locations":[{"start":{"line":474,"column":12},"end":{"line":479,"column":13}},{"start":{},"end":{}}],"line":474}},"s":{"0":3,"1":3,"2":0,"3":0,"4":0,"5":0,"6":0,"7":0,"8":0,"9":0,"10":0,"11":0,"12":0,"13":0,"14":0,"15":0,"16":0,"17":0,"18":0,"19":0,"20":0,"21":0,"22":0,"23":0,"24":0,"25":0,"26":0,"27":0,"28":0,"29":0,"30":0,"31":0,"32":0,"33":0,"34":3,"35":0,"36":0,"37":0,"38":0,"39":0,"40":0,"41":0,"42":0,"43":0,"44":0,"45":0,"46":0,"47":0,"48":0,"49":0,"50":0,"51":0,"52":0,"53":0,"54":0,"55":0,"56":0,"57":0,"58":0,"59":0,"60":0,"61":0,"62":0,"63":0,"64":0,"65":0,"66":0,"67":0,"68":0,"69":0,"70":0,"71":0,"72":0,"73":0,"74":0,"75":0,"76":0,"77":0,"78":3,"79":0,"80":0,"81":0,"82":0,"83":0,"84":0,"85":0,"86":0,"87":0,"88":0,"89":0,"90":0,"91":0,"92":0,"93":0,"94":0,"95":0,"96":0,"97":0,"98":0,"99":3,"100":0,"101":0,"102":0,"103":0,"104":0,"105":0,"106":0,"107":0,"108":3,"109":0,"110":0,"111":0,"112":0,"113":0,"114":0,"115":0,"116":0,"117":0,"118":0,"119":0,"120":0,"121":3,"122":0,"123":0,"124":0,"125":0,"126":0,"127":0,"128":0,"129":0,"130":0,"131":0,"132":0,"133":0,"134":3,"135":0,"136":0,"137":0,"138":0,"139":0,"140":0,"141":0,"142":0,"143":0,"144":0,"145":0,"146":0,"147":3,"148":0,"149":0,"150":0,"151":0,"152":0,"153":0,"154":0,"155":0,"156":0,"157":0,"158":3,"159":0,"160":0,"161":0,"162":0,"163":0,"164":0,"165":0,"166":0,"167":0,"168":0,"169":3,"170":0,"171":0,"172":0,"173":0,"174":0,"175":0,"176":0,"177":0,"178":0,"179":0,"180":3,"181":0,"182":0,"183":0,"184":0,"185":0,"186":0,"187":0,"188":0,"189":0,"190":0,"191":0,"192":3,"193":0,"194":0,"195":0,"196":0,"197":0,"198":0,"199":0,"200":0,"201":0,"202":0,"203":0,"204":0,"205":0,"206":0,"207":0,"208":0,"209":3,"210":0,"211":0,"212":0,"213":0,"214":0,"215":0,"216":0,"217":0,"218":0,"219":0,"220":0,"221":0,"222":0,"223":0,"224":0,"225":0,"226":3},"f":{"0":0,"1":0,"2":0,"3":0,"4":0,"5":0,"6":0,"7":0,"8":0,"9":0,"10":0,"11":0,"12":0,"13":0,"14":0,"15":0,"16":0,"17":0,"18":0,"19":0,"20":0,"21":0,"22":0,"23":0,"24":0,"25":0,"26":0,"27":0,"28":0,"29":0,"30":0,"31":0,"32":0,"33":0,"34":0},"b":{"0":[0,0],"1":[0,0],"2":[0,0],"3":[0,0],"4":[0,0],"5":[0,0],"6":[0,0],"7":[0,0],"8":[0,0],"9":[0,0],"10":[0,0],"11":[0,0],"12":[0,0],"13":[0,0],"14":[0,0],"15":[0,0],"16":[0,0],"17":[0,0],"18":[0,0],"19":[0,0],"20":[0,0],"21":[0,0],"22":[0,0],"23":[0,0],"24":[0,0],"25":[0,0],"26":[0,0],"27":[0,0],"28":[0,0],"29":[0,0,0],"30":[0,0],"31":[0,0,0],"32":[0,0],"33":[0,0,0],"34":[0,0],"35":[0,0],"36":[0,0,0],"37":[0,0],"38":[0,0],"39":[0,0,0],"40":[0,0],"41":[0,0],"42":[0,0,0],"43":[0,0]},"_coverageSchema":"1a1c01bbd47fc00a2c39e90264f33305004495a9","hash":"11df5799b7450c8af0b9a25141405011d679a073"}
,"/home/camran/Documents/Projects/AYD1_PROYECTO1_G7/Backend/src/Controllers/historialPedidosRepartidor.js": {"path":"/home/camran/Documents/Projects/AYD1_PROYECTO1_G7/Backend/src/Controllers/historialPedidosRepartidor.js","statementMap":{"0":{"start":{"line":1,"column":14},"end":{"line":1,"column":31}},"1":{"start":{"line":2,"column":13},"end":{"line":2,"column":36}},"2":{"start":{"line":4,"column":0},"end":{"line":29,"column":1}},"3":{"start":{"line":5,"column":14},"end":{"line":5,"column":49}},"4":{"start":{"line":6,"column":4},"end":{"line":28,"column":6}},"5":{"start":{"line":7,"column":8},"end":{"line":11,"column":9}},"6":{"start":{"line":8,"column":12},"end":{"line":8,"column":79}},"7":{"start":{"line":9,"column":12},"end":{"line":9,"column":19}},"8":{"start":{"line":10,"column":12},"end":{"line":10,"column":18}},"9":{"start":{"line":12,"column":8},"end":{"line":27,"column":10}},"10":{"start":{"line":20,"column":12},"end":{"line":24,"column":13}},"11":{"start":{"line":21,"column":16},"end":{"line":21,"column":83}},"12":{"start":{"line":22,"column":16},"end":{"line":22,"column":23}},"13":{"start":{"line":23,"column":16},"end":{"line":23,"column":22}},"14":{"start":{"line":25,"column":12},"end":{"line":25,"column":26}},"15":{"start":{"line":26,"column":12},"end":{"line":26,"column":19}},"16":{"start":{"line":31,"column":0},"end":{"line":52,"column":1}},"17":{"start":{"line":32,"column":14},"end":{"line":32,"column":49}},"18":{"start":{"line":33,"column":4},"end":{"line":51,"column":6}},"19":{"start":{"line":34,"column":8},"end":{"line":38,"column":9}},"20":{"start":{"line":35,"column":12},"end":{"line":35,"column":72}},"21":{"start":{"line":36,"column":12},"end":{"line":36,"column":19}},"22":{"start":{"line":37,"column":12},"end":{"line":37,"column":18}},"23":{"start":{"line":39,"column":8},"end":{"line":50,"column":10}},"24":{"start":{"line":43,"column":12},"end":{"line":47,"column":13}},"25":{"start":{"line":44,"column":16},"end":{"line":44,"column":76}},"26":{"start":{"line":45,"column":16},"end":{"line":45,"column":23}},"27":{"start":{"line":46,"column":16},"end":{"line":46,"column":22}},"28":{"start":{"line":48,"column":12},"end":{"line":48,"column":26}},"29":{"start":{"line":49,"column":12},"end":{"line":49,"column":19}}},"fnMap":{"0":{"name":"(anonymous_0)","decl":{"start":{"line":4,"column":41},"end":{"line":4,"column":42}},"loc":{"start":{"line":4,"column":61},"end":{"line":29,"column":1}},"line":4},"1":{"name":"(anonymous_1)","decl":{"start":{"line":6,"column":14},"end":{"line":6,"column":15}},"loc":{"start":{"line":6,"column":29},"end":{"line":28,"column":5}},"line":6},"2":{"name":"(anonymous_2)","decl":{"start":{"line":19,"column":20},"end":{"line":19,"column":21}},"loc":{"start":{"line":19,"column":41},"end":{"line":27,"column":9}},"line":19},"3":{"name":"(anonymous_3)","decl":{"start":{"line":31,"column":34},"end":{"line":31,"column":35}},"loc":{"start":{"line":31,"column":54},"end":{"line":52,"column":1}},"line":31},"4":{"name":"(anonymous_4)","decl":{"start":{"line":33,"column":14},"end":{"line":33,"column":15}},"loc":{"start":{"line":33,"column":29},"end":{"line":51,"column":5}},"line":33},"5":{"name":"(anonymous_5)","decl":{"start":{"line":42,"column":20},"end":{"line":42,"column":21}},"loc":{"start":{"line":42,"column":41},"end":{"line":50,"column":9}},"line":42}},"branchMap":{"0":{"loc":{"start":{"line":7,"column":8},"end":{"line":11,"column":9}},"type":"if","locations":[{"start":{"line":7,"column":8},"end":{"line":11,"column":9}},{"start":{},"end":{}}],"line":7},"1":{"loc":{"start":{"line":20,"column":12},"end":{"line":24,"column":13}},"type":"if","locations":[{"start":{"line":20,"column":12},"end":{"line":24,"column":13}},{"start":{},"end":{}}],"line":20},"2":{"loc":{"start":{"line":34,"column":8},"end":{"line":38,"column":9}},"type":"if","locations":[{"start":{"line":34,"column":8},"end":{"line":38,"column":9}},{"start":{},"end":{}}],"line":34},"3":{"loc":{"start":{"line":43,"column":12},"end":{"line":47,"column":13}},"type":"if","locations":[{"start":{"line":43,"column":12},"end":{"line":47,"column":13}},{"start":{},"end":{}}],"line":43}},"s":{"0":3,"1":3,"2":3,"3":0,"4":0,"5":0,"6":0,"7":0,"8":0,"9":0,"10":0,"11":0,"12":0,"13":0,"14":0,"15":0,"16":3,"17":0,"18":0,"19":0,"20":0,"21":0,"22":0,"23":0,"24":0,"25":0,"26":0,"27":0,"28":0,"29":0},"f":{"0":0,"1":0,"2":0,"3":0,"4":0,"5":0},"b":{"0":[0,0],"1":[0,0],"2":[0,0],"3":[0,0]},"_coverageSchema":"1a1c01bbd47fc00a2c39e90264f33305004495a9","hash":"b79cd483d4acc784356b9fa03fe01e54e4b6f3f9"}
,"/home/camran/Documents/Projects/AYD1_PROYECTO1_G7/Backend/src/Controllers/informeRepartidor.js": {"path":"/home/camran/Documents/Projects/AYD1_PROYECTO1_G7/Backend/src/Controllers/informeRepartidor.js","statementMap":{"0":{"start":{"line":1,"column":19},"end":{"line":1,"column":42}},"1":{"start":{"line":2,"column":26},"end":{"line":2,"column":28}},"2":{"start":{"line":4,"column":0},"end":{"line":27,"column":1}},"3":{"start":{"line":5,"column":4},"end":{"line":26,"column":5}},"4":{"start":{"line":6,"column":8},"end":{"line":9,"column":90}},"5":{"start":{"line":10,"column":8},"end":{"line":20,"column":10}},"6":{"start":{"line":11,"column":12},"end":{"line":16,"column":13}},"7":{"start":{"line":12,"column":16},"end":{"line":15,"column":18}},"8":{"start":{"line":17,"column":12},"end":{"line":19,"column":14}},"9":{"start":{"line":22,"column":8},"end":{"line":25,"column":10}},"10":{"start":{"line":29,"column":0},"end":{"line":29,"column":35}}},"fnMap":{"0":{"name":"(anonymous_0)","decl":{"start":{"line":4,"column":31},"end":{"line":4,"column":32}},"loc":{"start":{"line":4,"column":45},"end":{"line":27,"column":1}},"line":4},"1":{"name":"(anonymous_1)","decl":{"start":{"line":10,"column":30},"end":{"line":10,"column":31}},"loc":{"start":{"line":10,"column":58},"end":{"line":20,"column":9}},"line":10}},"branchMap":{"0":{"loc":{"start":{"line":11,"column":12},"end":{"line":16,"column":13}},"type":"if","locations":[{"start":{"line":11,"column":12},"end":{"line":16,"column":13}},{"start":{},"end":{}}],"line":11}},"s":{"0":3,"1":3,"2":3,"3":0,"4":0,"5":0,"6":0,"7":0,"8":0,"9":0,"10":3},"f":{"0":0,"1":0},"b":{"0":[0,0]},"_coverageSchema":"1a1c01bbd47fc00a2c39e90264f33305004495a9","hash":"3356b1655dbf4da724ecc7982f2c5040cbeddcf8"}
,"/home/camran/Documents/Projects/AYD1_PROYECTO1_G7/Backend/src/Controllers/informeUsuario.js": {"path":"/home/camran/Documents/Projects/AYD1_PROYECTO1_G7/Backend/src/Controllers/informeUsuario.js","statementMap":{"0":{"start":{"line":1,"column":19},"end":{"line":1,"column":42}},"1":{"start":{"line":2,"column":24},"end":{"line":2,"column":26}},"2":{"start":{"line":4,"column":0},"end":{"line":52,"column":1}},"3":{"start":{"line":5,"column":4},"end":{"line":51,"column":5}},"4":{"start":{"line":6,"column":8},"end":{"line":6,"column":64}},"5":{"start":{"line":7,"column":8},"end":{"line":44,"column":10}},"6":{"start":{"line":8,"column":12},"end":{"line":13,"column":13}},"7":{"start":{"line":9,"column":16},"end":{"line":12,"column":18}},"8":{"start":{"line":14,"column":12},"end":{"line":14,"column":87}},"9":{"start":{"line":15,"column":12},"end":{"line":43,"column":14}},"10":{"start":{"line":16,"column":16},"end":{"line":21,"column":17}},"11":{"start":{"line":17,"column":20},"end":{"line":20,"column":22}},"12":{"start":{"line":22,"column":16},"end":{"line":28,"column":51}},"13":{"start":{"line":29,"column":16},"end":{"line":41,"column":18}},"14":{"start":{"line":30,"column":20},"end":{"line":35,"column":21}},"15":{"start":{"line":31,"column":24},"end":{"line":34,"column":26}},"16":{"start":{"line":36,"column":20},"end":{"line":40,"column":22}},"17":{"start":{"line":47,"column":8},"end":{"line":50,"column":10}},"18":{"start":{"line":54,"column":0},"end":{"line":54,"column":33}}},"fnMap":{"0":{"name":"(anonymous_0)","decl":{"start":{"line":4,"column":29},"end":{"line":4,"column":30}},"loc":{"start":{"line":4,"column":43},"end":{"line":52,"column":1}},"line":4},"1":{"name":"(anonymous_1)","decl":{"start":{"line":7,"column":31},"end":{"line":7,"column":32}},"loc":{"start":{"line":7,"column":66},"end":{"line":44,"column":9}},"line":7},"2":{"name":"(anonymous_2)","decl":{"start":{"line":15,"column":35},"end":{"line":15,"column":36}},"loc":{"start":{"line":15,"column":72},"end":{"line":43,"column":13}},"line":15},"3":{"name":"(anonymous_3)","decl":{"start":{"line":29,"column":39},"end":{"line":29,"column":40}},"loc":{"start":{"line":29,"column":76},"end":{"line":41,"column":17}},"line":29}},"branchMap":{"0":{"loc":{"start":{"line":8,"column":12},"end":{"line":13,"column":13}},"type":"if","locations":[{"start":{"line":8,"column":12},"end":{"line":13,"column":13}},{"start":{},"end":{}}],"line":8},"1":{"loc":{"start":{"line":16,"column":16},"end":{"line":21,"column":17}},"type":"if","locations":[{"start":{"line":16,"column":16},"end":{"line":21,"column":17}},{"start":{},"end":{}}],"line":16},"2":{"loc":{"start":{"line":30,"column":20},"end":{"line":35,"column":21}},"type":"if","locations":[{"start":{"line":30,"column":20},"end":{"line":35,"column":21}},{"start":{},"end":{}}],"line":30}},"s":{"0":3,"1":3,"2":3,"3":0,"4":0,"5":0,"6":0,"7":0,"8":0,"9":0,"10":0,"11":0,"12":0,"13":0,"14":0,"15":0,"16":0,"17":0,"18":3},"f":{"0":0,"1":0,"2":0,"3":0},"b":{"0":[0,0],"1":[0,0],"2":[0,0]},"_coverageSchema":"1a1c01bbd47fc00a2c39e90264f33305004495a9","hash":"7584be45b88b72fd9fb61509b28abba1540c4eca"}
,"/home/camran/Documents/Projects/AYD1_PROYECTO1_G7/Backend/src/Controllers/informeVentas.js": {"path":"/home/camran/Documents/Projects/AYD1_PROYECTO1_G7/Backend/src/Controllers/informeVentas.js","statementMap":{"0":{"start":{"line":1,"column":19},"end":{"line":1,"column":42}},"1":{"start":{"line":2,"column":22},"end":{"line":2,"column":24}},"2":{"start":{"line":4,"column":0},"end":{"line":69,"column":1}},"3":{"start":{"line":5,"column":4},"end":{"line":68,"column":5}},"4":{"start":{"line":6,"column":8},"end":{"line":6,"column":62}},"5":{"start":{"line":7,"column":8},"end":{"line":62,"column":10}},"6":{"start":{"line":8,"column":12},"end":{"line":13,"column":13}},"7":{"start":{"line":9,"column":16},"end":{"line":12,"column":18}},"8":{"start":{"line":14,"column":12},"end":{"line":18,"column":43}},"9":{"start":{"line":19,"column":12},"end":{"line":61,"column":14}},"10":{"start":{"line":20,"column":16},"end":{"line":25,"column":17}},"11":{"start":{"line":21,"column":20},"end":{"line":24,"column":22}},"12":{"start":{"line":26,"column":16},"end":{"line":30,"column":57}},"13":{"start":{"line":31,"column":16},"end":{"line":60,"column":18}},"14":{"start":{"line":32,"column":20},"end":{"line":37,"column":21}},"15":{"start":{"line":33,"column":24},"end":{"line":36,"column":26}},"16":{"start":{"line":39,"column":20},"end":{"line":44,"column":58}},"17":{"start":{"line":45,"column":20},"end":{"line":58,"column":22}},"18":{"start":{"line":46,"column":24},"end":{"line":51,"column":25}},"19":{"start":{"line":47,"column":28},"end":{"line":50,"column":30}},"20":{"start":{"line":52,"column":24},"end":{"line":57,"column":26}},"21":{"start":{"line":64,"column":8},"end":{"line":67,"column":10}},"22":{"start":{"line":71,"column":0},"end":{"line":71,"column":31}}},"fnMap":{"0":{"name":"(anonymous_0)","decl":{"start":{"line":4,"column":27},"end":{"line":4,"column":28}},"loc":{"start":{"line":4,"column":41},"end":{"line":69,"column":1}},"line":4},"1":{"name":"(anonymous_1)","decl":{"start":{"line":7,"column":31},"end":{"line":7,"column":32}},"loc":{"start":{"line":7,"column":65},"end":{"line":62,"column":9}},"line":7},"2":{"name":"(anonymous_2)","decl":{"start":{"line":19,"column":35},"end":{"line":19,"column":36}},"loc":{"start":{"line":19,"column":71},"end":{"line":61,"column":13}},"line":19},"3":{"name":"(anonymous_3)","decl":{"start":{"line":31,"column":39},"end":{"line":31,"column":40}},"loc":{"start":{"line":31,"column":82},"end":{"line":60,"column":17}},"line":31},"4":{"name":"(anonymous_4)","decl":{"start":{"line":45,"column":43},"end":{"line":45,"column":44}},"loc":{"start":{"line":45,"column":84},"end":{"line":58,"column":21}},"line":45}},"branchMap":{"0":{"loc":{"start":{"line":8,"column":12},"end":{"line":13,"column":13}},"type":"if","locations":[{"start":{"line":8,"column":12},"end":{"line":13,"column":13}},{"start":{},"end":{}}],"line":8},"1":{"loc":{"start":{"line":20,"column":16},"end":{"line":25,"column":17}},"type":"if","locations":[{"start":{"line":20,"column":16},"end":{"line":25,"column":17}},{"start":{},"end":{}}],"line":20},"2":{"loc":{"start":{"line":32,"column":20},"end":{"line":37,"column":21}},"type":"if","locations":[{"start":{"line":32,"column":20},"end":{"line":37,"column":21}},{"start":{},"end":{}}],"line":32},"3":{"loc":{"start":{"line":46,"column":24},"end":{"line":51,"column":25}},"type":"if","locations":[{"start":{"line":46,"column":24},"end":{"line":51,"column":25}},{"start":{},"end":{}}],"line":46}},"s":{"0":3,"1":3,"2":3,"3":0,"4":0,"5":0,"6":0,"7":0,"8":0,"9":0,"10":0,"11":0,"12":0,"13":0,"14":0,"15":0,"16":0,"17":0,"18":0,"19":0,"20":0,"21":0,"22":3},"f":{"0":0,"1":0,"2":0,"3":0,"4":0},"b":{"0":[0,0],"1":[0,0],"2":[0,0],"3":[0,0]},"_coverageSchema":"1a1c01bbd47fc00a2c39e90264f33305004495a9","hash":"e216090e1a9437fe56116abdca281fe0434958c1"}
,"/home/camran/Documents/Projects/AYD1_PROYECTO1_G7/Backend/src/Controllers/pedidosAsignados.js": {"path":"/home/camran/Documents/Projects/AYD1_PROYECTO1_G7/Backend/src/Controllers/pedidosAsignados.js","statementMap":{"0":{"start":{"line":1,"column":14},"end":{"line":1,"column":31}},"1":{"start":{"line":2,"column":13},"end":{"line":2,"column":36}},"2":{"start":{"line":4,"column":0},"end":{"line":28,"column":1}},"3":{"start":{"line":5,"column":14},"end":{"line":5,"column":49}},"4":{"start":{"line":6,"column":4},"end":{"line":27,"column":6}},"5":{"start":{"line":7,"column":8},"end":{"line":11,"column":9}},"6":{"start":{"line":8,"column":12},"end":{"line":8,"column":68}},"7":{"start":{"line":9,"column":12},"end":{"line":9,"column":19}},"8":{"start":{"line":10,"column":12},"end":{"line":10,"column":18}},"9":{"start":{"line":12,"column":8},"end":{"line":26,"column":10}},"10":{"start":{"line":19,"column":12},"end":{"line":23,"column":13}},"11":{"start":{"line":20,"column":16},"end":{"line":20,"column":69}},"12":{"start":{"line":21,"column":16},"end":{"line":21,"column":23}},"13":{"start":{"line":22,"column":16},"end":{"line":22,"column":22}},"14":{"start":{"line":24,"column":12},"end":{"line":24,"column":26}},"15":{"start":{"line":25,"column":12},"end":{"line":25,"column":19}}},"fnMap":{"0":{"name":"(anonymous_0)","decl":{"start":{"line":4,"column":30},"end":{"line":4,"column":31}},"loc":{"start":{"line":4,"column":50},"end":{"line":28,"column":1}},"line":4},"1":{"name":"(anonymous_1)","decl":{"start":{"line":6,"column":14},"end":{"line":6,"column":15}},"loc":{"start":{"line":6,"column":29},"end":{"line":27,"column":5}},"line":6},"2":{"name":"(anonymous_2)","decl":{"start":{"line":18,"column":46},"end":{"line":18,"column":47}},"loc":{"start":{"line":18,"column":67},"end":{"line":26,"column":9}},"line":18}},"branchMap":{"0":{"loc":{"start":{"line":7,"column":8},"end":{"line":11,"column":9}},"type":"if","locations":[{"start":{"line":7,"column":8},"end":{"line":11,"column":9}},{"start":{},"end":{}}],"line":7},"1":{"loc":{"start":{"line":19,"column":12},"end":{"line":23,"column":13}},"type":"if","locations":[{"start":{"line":19,"column":12},"end":{"line":23,"column":13}},{"start":{},"end":{}}],"line":19}},"s":{"0":3,"1":3,"2":3,"3":0,"4":0,"5":0,"6":0,"7":0,"8":0,"9":0,"10":0,"11":0,"12":0,"13":0,"14":0,"15":0},"f":{"0":0,"1":0,"2":0},"b":{"0":[0,0],"1":[0,0]},"_coverageSchema":"1a1c01bbd47fc00a2c39e90264f33305004495a9","hash":"d875d254c2566a1c678a75abd1ae59fb09f696f9"}
,"/home/camran/Documents/Projects/AYD1_PROYECTO1_G7/Backend/src/Controllers/registroEmpresaController.js": {"path":"/home/camran/Documents/Projects/AYD1_PROYECTO1_G7/Backend/src/Controllers/registroEmpresaController.js","statementMap":{"0":{"start":{"line":1,"column":19},"end":{"line":1,"column":42}},"1":{"start":{"line":2,"column":15},"end":{"line":2,"column":32}},"2":{"start":{"line":4,"column":0},"end":{"line":29,"column":1}},"3":{"start":{"line":5,"column":96},"end":{"line":5,"column":104}},"4":{"start":{"line":7,"column":15},"end":{"line":7,"column":58}},"5":{"start":{"line":8,"column":2},"end":{"line":27,"column":3}},"6":{"start":{"line":9,"column":27},"end":{"line":9,"column":46}},"7":{"start":{"line":11,"column":15},"end":{"line":11,"column":76}},"8":{"start":{"line":12,"column":17},"end":{"line":12,"column":111}},"9":{"start":{"line":14,"column":4},"end":{"line":26,"column":3}},"10":{"start":{"line":15,"column":19},"end":{"line":15,"column":59}},"11":{"start":{"line":16,"column":6},"end":{"line":25,"column":9}},"12":{"start":{"line":17,"column":26},"end":{"line":17,"column":47}},"13":{"start":{"line":18,"column":24},"end":{"line":18,"column":116}},"14":{"start":{"line":19,"column":10},"end":{"line":21,"column":13}},"15":{"start":{"line":20,"column":14},"end":{"line":20,"column":61}},"16":{"start":{"line":22,"column":10},"end":{"line":24,"column":11}},"17":{"start":{"line":31,"column":0},"end":{"line":57,"column":1}},"18":{"start":{"line":32,"column":29},"end":{"line":32,"column":37}},"19":{"start":{"line":34,"column":14},"end":{"line":34,"column":54}},"20":{"start":{"line":35,"column":2},"end":{"line":56,"column":5}},"21":{"start":{"line":37,"column":6},"end":{"line":39,"column":7}},"22":{"start":{"line":38,"column":10},"end":{"line":38,"column":26}},"23":{"start":{"line":41,"column":6},"end":{"line":45,"column":7}},"24":{"start":{"line":42,"column":10},"end":{"line":44,"column":13}},"25":{"start":{"line":46,"column":17},"end":{"line":46,"column":72}},"26":{"start":{"line":48,"column":6},"end":{"line":55,"column":7}},"27":{"start":{"line":49,"column":10},"end":{"line":52,"column":13}},"28":{"start":{"line":54,"column":10},"end":{"line":54,"column":72}}},"fnMap":{"0":{"name":"(anonymous_0)","decl":{"start":{"line":4,"column":26},"end":{"line":4,"column":27}},"loc":{"start":{"line":4,"column":45},"end":{"line":29,"column":1}},"line":4},"1":{"name":"(anonymous_1)","decl":{"start":{"line":8,"column":35},"end":{"line":8,"column":36}},"loc":{"start":{"line":8,"column":52},"end":{"line":27,"column":1}},"line":8},"2":{"name":"(anonymous_2)","decl":{"start":{"line":14,"column":78},"end":{"line":14,"column":79}},"loc":{"start":{"line":14,"column":95},"end":{"line":26,"column":1}},"line":14},"3":{"name":"(anonymous_3)","decl":{"start":{"line":16,"column":39},"end":{"line":16,"column":40}},"loc":{"start":{"line":16,"column":55},"end":{"line":25,"column":7}},"line":16},"4":{"name":"(anonymous_4)","decl":{"start":{"line":19,"column":79},"end":{"line":19,"column":80}},"loc":{"start":{"line":19,"column"
[...]
n":20},"end":{"line":260,"column":21}},"type":"if","locations":[{"start":{"line":221,"column":20},"end":{"line":260,"column":21}},{"start":{"line":242,"column":25},"end":{"line":260,"column":21}}],"line":221},"21":{"loc":{"start":{"line":227,"column":28},"end":{"line":229,"column":29}},"type":"if","locations":[{"start":{"line":227,"column":28},"end":{"line":229,"column":29}},{"start":{},"end":{}}],"line":227},"22":{"loc":{"start":{"line":231,"column":32},"end":{"line":233,"column":33}},"type":"if","locations":[{"start":{"line":231,"column":32},"end":{"line":233,"column":33}},{"start":{},"end":{}}],"line":231},"23":{"loc":{"start":{"line":246,"column":28},"end":{"line":248,"column":29}},"type":"if","locations":[{"start":{"line":246,"column":28},"end":{"line":248,"column":29}},{"start":{},"end":{}}],"line":246},"24":{"loc":{"start":{"line":250,"column":32},"end":{"line":252,"column":33}},"type":"if","locations":[{"start":{"line":250,"column":32},"end":{"line":252,"column":33}},{"start":{},"end":{}}],"line":250},"25":{"loc":{"start":{"line":294,"column":12},"end":{"line":296,"column":13}},"type":"if","locations":[{"start":{"line":294,"column":12},"end":{"line":296,"column":13}},{"start":{},"end":{}}],"line":294},"26":{"loc":{"start":{"line":299,"column":12},"end":{"line":352,"column":13}},"type":"if","locations":[{"start":{"line":299,"column":12},"end":{"line":352,"column":13}},{"start":{"line":328,"column":17},"end":{"line":352,"column":13}}],"line":299},"27":{"loc":{"start":{"line":303,"column":16},"end":{"line":327,"column":17}},"type":"if","locations":[{"start":{"line":303,"column":16},"end":{"line":327,"column":17}},{"start":{"line":321,"column":21},"end":{"line":327,"column":17}}],"line":303},"28":{"loc":{"start":{"line":303,"column":19},"end":{"line":303,"column":60}},"type":"binary-expr","locations":[{"start":{"line":303,"column":19},"end":{"line":303,"column":35}},{"start":{"line":303,"column":39},"end":{"line":303,"column":60}}],"line":303},"29":{"loc":{"start":{"line":306,"column":24},"end":{"line":308,"column":25}},"type":"if","locations":[{"start":{"line":306,"column":24},"end":{"line":308,"column":25}},{"start":{},"end":{}}],"line":306},"30":{"loc":{"start":{"line":312,"column":28},"end":{"line":314,"column":29}},"type":"if","locations":[{"start":{"line":312,"column":28},"end":{"line":314,"column":29}},{"start":{},"end":{}}],"line":312},"31":{"loc":{"start":{"line":332,"column":20},"end":{"line":334,"column":21}},"type":"if","locations":[{"start":{"line":332,"column":20},"end":{"line":334,"column":21}},{"start":{},"end":{}}],"line":332},"32":{"loc":{"start":{"line":337,"column":20},"end":{"line":349,"column":21}},"type":"if","locations":[{"start":{"line":337,"column":20},"end":{"line":349,"column":21}},{"start":{},"end":{}}],"line":337},"33":{"loc":{"start":{"line":340,"column":28},"end":{"line":342,"column":29}},"type":"if","locations":[{"start":{"line":340,"column":28},"end":{"line":342,"column":29}},{"start":{},"end":{}}],"line":340},"34":{"loc":{"start":{"line":379,"column":12},"end":{"line":381,"column":13}},"type":"if","locations":[{"start":{"line":379,"column":12},"end":{"line":381,"column":13}},{"start":{},"end":{}}],"line":379},"35":{"loc":{"start":{"line":398,"column":12},"end":{"line":400,"column":13}},"type":"if","locations":[{"start":{"line":398,"column":12},"end":{"line":400,"column":13}},{"start":{},"end":{}}],"line":398},"36":{"loc":{"start":{"line":416,"column":12},"end":{"line":418,"column":13}},"type":"if","locations":[{"start":{"line":416,"column":12},"end":{"line":418,"column":13}},{"start":{},"end":{}}],"line":416},"37":{"loc":{"start":{"line":420,"column":16},"end":{"line":422,"column":17}},"type":"if","locations":[{"start":{"line":420,"column":16},"end":{"line":422,"column":17}},{"start":{},"end":{}}],"line":420},"38":{"loc":{"start":{"line":445,"column":12},"end":{"line":447,"column":13}},"type":"if","locations":[{"start":{"line":445,"column":12},"end":{"line":447,"column":13}},{"start":{},"end":{}}],"line":445},"39":{"loc":{"start":{"line":466,"column":12},"end":{"line":468,"column":13}},"type":"if","locations":[{"start":{"line":466,"column":12},"end":{"line":468,"column":13}},{"start":{},"end":{}}],"line":466},"40":{"loc":{"start":{"line":469,"column":12},"end":{"line":480,"column":13}},"type":"if","locations":[{"start":{"line":469,"column":12},"end":{"line":480,"column":13}},{"start":{"line":478,"column":17},"end":{"line":480,"column":13}}],"line":469},"41":{"loc":{"start":{"line":469,"column":15},"end":{"line":469,"column":69}},"type":"binary-expr","locations":[{"start":{"line":469,"column":15},"end":{"line":469,"column":37}},{"start":{"line":469,"column":41},"end":{"line":469,"column":69}}],"line":469},"42":{"loc":{"start":{"line":471,"column":20},"end":{"line":473,"column":21}},"type":"if","locations":[{"start":{"line":471,"column":20},"end":{"line":473,"column":21}},{"start":{},"end":{}}],"line":471},"43":{"loc":{"start":{"line":494,"column":12},"end":{"line":496,"column":13}},"type":"if","locations":[{"start":{"line":494,"column":12},"end":{"line":496,"column":13}},{"start":{},"end":{}}],"line":494},"44":{"loc":{"start":{"line":497,"column":12},"end":{"line":505,"column":13}},"type":"if","locations":[{"start":{"line":497,"column":12},"end":{"line":505,"column":13}},{"start":{"line":503,"column":17},"end":{"line":505,"column":13}}],"line":497},"45":{"loc":{"start":{"line":528,"column":12},"end":{"line":530,"column":13}},"type":"if","locations":[{"start":{"line":528,"column":12},"end":{"line":530,"column":13}},{"start":{},"end":{}}],"line":528},"46":{"loc":{"start":{"line":532,"column":12},"end":{"line":594,"column":13}},"type":"if","locations":[{"start":{"line":532,"column":12},"end":{"line":594,"column":13}},{"start":{"line":592,"column":17},"end":{"line":594,"column":13}}],"line":532},"47":{"loc":{"start":{"line":538,"column":20},"end":{"line":589,"column":21}},"type":"if","locations":[{"start":{"line":538,"column":20},"end":{"line":589,"column":21}},{"start":{},"end":{}}],"line":538},"48":{"loc":{"start":{"line":539,"column":24},"end":{"line":587,"column":25}},"type":"if","locations":[{"start":{"line":539,"column":24},"end":{"line":587,"column":25}},{"start":{"line":564,"column":29},"end":{"line":587,"column":25}}],"line":539},"49":{"loc":{"start":{"line":541,"column":32},"end":{"line":543,"column":33}},"type":"if","locations":[{"start":{"line":541,"column":32},"end":{"line":543,"column":33}},{"start":{},"end":{}}],"line":541},"50":{"loc":{"start":{"line":545,"column":32},"end":{"line":562,"column":33}},"type":"if","locations":[{"start":{"line":545,"column":32},"end":{"line":562,"column":33}},{"start":{},"end":{}}],"line":545},"51":{"loc":{"start":{"line":545,"column":35},"end":{"line":545,"column":68}},"type":"binary-expr","locations":[{"start":{"line":545,"column":35},"end":{"line":545,"column":52}},{"start":{"line":545,"column":56},"end":{"line":545,"column":68}}],"line":545},"52":{"loc":{"start":{"line":551,"column":40},"end":{"line":554,"column":41}},"type":"if","locations":[{"start":{"line":551,"column":40},"end":{"line":554,"column":41}},{"start":{},"end":{}}],"line":551},"53":{"loc":{"start":{"line":567,"column":28},"end":{"line":586,"column":29}},"type":"if","locations":[{"start":{"line":567,"column":28},"end":{"line":586,"column":29}},{"start":{"line":584,"column":33},"end":{"line":586,"column":29}}],"line":567},"54":{"loc":{"start":{"line":573,"column":36},"end":{"line":576,"column":37}},"type":"if","locations":[{"start":{"line":573,"column":36},"end":{"line":576,"column":37}},{"start":{},"end":{}}],"line":573},"55":{"loc":{"start":{"line":610,"column":12},"end":{"line":612,"column":13}},"type":"if","locations":[{"start":{"line":610,"column":12},"end":{"line":612,"column":13}},{"start":{},"end":{}}],"line":610},"56":{"loc":{"start":{"line":614,"column":12},"end":{"line":630,"column":13}},"type":"if","locations":[{"start":{"line":614,"column":12},"end":{"line":630,"column":13}},{"start":{"line":628,"column":17},"end":{"line":630,"column":13}}],"line":614},"57":{"loc":{"start":{"line":620,"column":20},"end":{"line":622,"column":21}},"type":"if","locations":[{"start":{"line":620,"column":20},"end":{"line":622,"column":21}},{"start":{},"end":{}}],"line":620},"58":{"loc":{"start":{"line":645,"column":12},"end":{"line":647,"column":13}},"type":"if","locations":[{"start":{"line":645,"column":12},"end":{"line":647,"column":13}},{"start":{},"end":{}}],"line":645},"59":{"loc":{"start":{"line":664,"column":12},"end":{"line":666,"column":13}},"type":"if","locations":[{"start":{"line":664,"column":12},"end":{"line":666,"column":13}},{"start":{},"end":{}}],"line":664}},"s":{"0":3,"1":3,"2":0,"3":0,"4":3,"5":0,"6":0,"7":0,"8":0,"9":0,"10":0,"11":0,"12":0,"13":0,"14":0,"15":3,"16":0,"17":0,"18":0,"19":0,"20":0,"21":0,"22":0,"23":0,"24":0,"25":0,"26":0,"27":3,"28":0,"29":0,"30":0,"31":0,"32":0,"33":0,"34":0,"35":0,"36":0,"37":0,"38":3,"39":0,"40":0,"41":0,"42":0,"43":0,"44":0,"45":0,"46":0,"47":0,"48":0,"49":0,"50":0,"51":0,"52":0,"53":3,"54":0,"55":0,"56":0,"57":0,"58":0,"59":0,"60":0,"61":0,"62":0,"63":0,"64":0,"65":0,"66":3,"67":0,"68":0,"69":0,"70":0,"71":0,"72":0,"73":0,"74":0,"75":0,"76":0,"77":3,"78":0,"79":0,"80":0,"81":0,"82":0,"83":0,"84":0,"85":0,"86":0,"87":0,"88":0,"89":0,"90":0,"91":0,"92":0,"93":0,"94":0,"95":0,"96":0,"97":0,"98":0,"99":0,"100":0,"101":0,"102":0,"103":0,"104":0,"105":0,"106":0,"107":0,"108":0,"109":0,"110":0,"111":0,"112":0,"113":0,"114":0,"115":0,"116":0,"117":0,"118":0,"119":0,"120":0,"121":0,"122":0,"123":0,"124":0,"125":0,"126":0,"127":0,"128":0,"129":0,"130":3,"131":0,"132":0,"133":0,"134":0,"135":0,"136":0,"137":0,"138":0,"139":0,"140":0,"141":0,"142":0,"143":0,"144":0,"145":0,"146":0,"147":0,"148":0,"149":0,"150":0,"151":0,"152":0,"153":0,"154":0,"155":0,"156":0,"157":0,"158":0,"159":0,"160":0,"161":0,"162":0,"163":0,"164":0,"165":0,"166":0,"167":0,"168":0,"169":0,"170":0,"171":0,"172":0,"173":0,"174":0,"175":0,"176":0,"177":0,"178":0,"179":0,"180":3,"181":0,"182":0,"183":0,"184":0,"185":0,"186":0,"187":0,"188":0,"189":0,"190":0,"191":3,"192":0,"193":0,"194":0,"195":0,"196":0,"197":0,"198":0,"199":0,"200":3,"201":0,"202":0,"203":0,"204":0,"205":0,"206":0,"207":0,"208":0,"209":0,"210":0,"211":0,"212":3,"213":0,"214":0,"215":0,"216":0,"217":0,"218":0,"219":0,"220":0,"221":0,"222":0,"223":0,"224":0,"225":3,"226":0,"227":0,"228":0,"229":0,"230":0,"231":0,"232":0,"233":0,"234":0,"235":0,"236":0,"237":0,"238":0,"239":0,"240":3,"241":0,"242":0,"243":0,"244":0,"245":0,"246":0,"247":0,"248":0,"249":0,"250":0,"251":3,"252":0,"253":0,"254":0,"255":0,"256":0,"257":0,"258":0,"259":0,"260":0,"261":0,"262":0,"263":0,"264":0,"265":0,"266":0,"267":0,"268":0,"269":0,"270":0,"271":0,"272":0,"273":0,"274":0,"275":0,"276":0,"277":0,"278":0,"279":0,"280":0,"281":0,"282":0,"283":0,"284":0,"285":0,"286":0,"287":0,"288":0,"289":0,"290":0,"291":0,"292":0,"293":0,"294":0,"295":0,"296":0,"297":0,"298":0,"299":0,"300":0,"301":0,"302":0,"303":0,"304":0,"305":0,"306":3,"307":0,"308":0,"309":0,"310":0,"311":0,"312":0,"313":0,"314":0,"315":0,"316":0,"317":0,"318":0,"319":0,"320":0,"321":0,"322":0,"323":0,"324":0,"325":0,"326":0,"327":0,"328":0,"329":3,"330":0,"331":0,"332":0,"333":0,"334":0,"335":0,"336":0,"337":0,"338":3,"339":0,"340":0,"341":0,"342":0,"343":0,"344":0,"345":0,"346":0,"347":3},"f":{"0":0,"1":0,"2":0,"3":0,"4":0,"5":0,"6":0,"7":0,"8":0,"9":0,"10":0,"11":0,"12":0,"13":0,"14":0,"15":0,"16":0,"17":0,"18":0,"19":0,"20":0,"21":0,"22":0,"23":0,"24":0,"25":0,"26":0,"27":0,"28":0,"29":0,"30":0,"31":0,"32":0,"33":0,"34":0,"35":0,"36":0,"37":0,"38":0,"39":0,"40":0,"41":0,"42":0,"43":0,"44":0,"45":0,"46":0,"47":0,"48":0,"49":0,"50":0,"51":0,"52":0,"53":0},"b":{"0":[0,0],"1":[0,0],"2":[0,0],"3":[0,0],"4":[0,0],"5":[0,0],"6":[0,0],"7":[0,0],"8":[0,0],"9":[0,0],"10":[0,0],"11":[0,0],"12":[0,0],"13":[0,0],"14":[0,0],"15":[0,0],"16":[0,0],"17":[0,0],"18":[0,0,0],"19":[0,0],"20":[0,0],"21":[0,0],"22":[0,0],"23":[0,0],"24":[0,0],"25":[0,0],"26":[0,0],"27":[0,0],"28":[0,0],"29":[0,0],"30":[0,0],"31":[0,0],"32":[0,0],"33":[0,0],"34":[0,0],"35":[0,0],"36":[0,0],"37":[0,0],"38":[0,0],"39":[0,0],"40":[0,0],"41":[0,0],"42":[0,0],"43":[0,0],"44":[0,0],"45":[0,0],"46":[0,0],"47":[0,0],"48":[0,0],"49":[0,0],"50":[0,0],"51":[0,0],"52":[0,0],"53":[0,0],"54":[0,0],"55":[0,0],"56":[0,0],"57":[0,0],"58":[0,0],"59":[0,0]},"_coverageSchema":"1a1c01bbd47fc00a2c39e90264f33305004495a9","hash":"588289fd555a284cc8bb1c22af76e4363c0fd0b0"}
,"/home/camran/Documents/Projects/AYD1_PROYECTO1_G7/Backend/src/Routes/indexRouter.js": {"path":"/home/camran/Documents/Projects/AYD1_PROYECTO1_G7/Backend/src/Routes/indexRouter.js","statementMap":{"0":{"start":{"line":1,"column":16},"end":{"line":1,"column":34}},"1":{"start":{"line":2,"column":15},"end":{"line":2,"column":31}},"2":{"start":{"line":3,"column":29},"end":{"line":3,"column":75}},"3":{"start":{"line":4,"column":31},"end":{"line":4,"column":79}},"4":{"start":{"line":5,"column":24},"end":{"line":5,"column":65}},"5":{"start":{"line":6,"column":26},"end":{"line":6,"column":69}},"6":{"start":{"line":7,"column":20},"end":{"line":7,"column":62}},"7":{"start":{"line":8,"column":16},"end":{"line":8,"column":58}},"8":{"start":{"line":9,"column":29},"end":{"line":9,"column":75}},"9":{"start":{"line":10,"column":27},"end":{"line":10,"column":81}},"10":{"start":{"line":11,"column":24},"end":{"line":11,"column":75}},"11":{"start":{"line":12,"column":17},"end":{"line":12,"column":61}},"12":{"start":{"line":13,"column":28},"end":{"line":13,"column":80}},"13":{"start":{"line":14,"column":28},"end":{"line":14,"column":72}},"14":{"start":{"line":15,"column":24},"end":{"line":15,"column":64}},"15":{"start":{"line":16,"column":26},"end":{"line":16,"column":69}},"16":{"start":{"line":17,"column":22},"end":{"line":17,"column":61}},"17":{"start":{"line":19,"column":0},"end":{"line":19,"column":65}},"18":{"start":{"line":20,"column":0},"end":{"line":20,"column":54}},"19":{"start":{"line":22,"column":26},"end":{"line":22,"column":69}},"20":{"start":{"line":24,"column":18},"end":{"line":24,"column":53}},"21":{"start":{"line":27,"column":0},"end":{"line":27,"column":64}},"22":{"start":{"line":28,"column":0},"end":{"line":28,"column":67}},"23":{"start":{"line":30,"column":0},"end":{"line":30,"column":73}},"24":{"start":{"line":31,"column":0},"end":{"line":31,"column":58}},"25":{"start":{"line":33,"column":0},"end":{"line":33,"column":61}},"26":{"start":{"line":34,"column":0},"end":{"line":34,"column":51}},"27":{"start":{"line":36,"column":0},"end":{"line":36,"column":48}},"28":{"start":{"line":37,"column":0},"end":{"line":37,"column":58}},"29":{"start":{"line":38,"column":0},"end":{"line":38,"column":67}},"30":{"start":{"line":39,"column":0},"end":{"line":39,"column":61}},"31":{"start":{"line":40,"column":0},"end":{"line":40,"column":63}},"32":{"start":{"line":41,"column":0},"end":{"line":41,"column":59}},"33":{"start":{"line":42,"column":0},"end":{"line":42,"column":52}},"34":{"start":{"line":43,"column":0},"end":{"line":43,"column":64}},"35":{"start":{"line":44,"column":0},"end":{"line":44,"column":58}},"36":{"start":{"line":45,"column":0},"end":{"line":45,"column":62}},"37":{"start":{"line":46,"column":0},"end":{"line":46,"column":54}},"38":{"start":{"line":49,"column":0},"end":{"line":49,"column":81}},"39":{"start":{"line":50,"column":0},"end":{"line":50,"column":79}},"40":{"start":{"line":51,"column":0},"end":{"line":51,"column":89}},"41":{"start":{"line":52,"column":0},"end":{"line":52,"column":73}},"42":{"start":{"line":53,"column":0},"end":{"line":53,"column":73}},"43":{"start":{"line":54,"column":0},"end":{"line":54,"column":79}},"44":{"start":{"line":55,"column":0},"end":{"line":55,"column":79}},"45":{"start":{"line":56,"column":0},"end":{"line":56,"column":98}},"46":{"start":{"line":57,"column":0},"end":{"line":57,"column":92}},"47":{"start":{"line":59,"column":0},"end":{"line":59,"column":53}},"48":{"start":{"line":60,"column":0},"end":{"line":60,"column":79}},"49":{"start":{"line":61,"column":0},"end":{"line":61,"column":75}},"50":{"start":{"line":62,"column":0},"end":{"line":62,"column":61}},"51":{"start":{"line":66,"column":0},"end":{"line":66,"column":23}},"52":{"start":{"line":67,"column":0},"end":{"line":67,"column":79}},"53":{"start":{"line":68,"column":0},"end":{"line":68,"column":79}},"54":{"start":{"line":69,"column":0},"end":{"line":69,"column":75}},"55":{"start":{"line":70,"column":0},"end":{"line":70,"column":73}},"56":{"start":{"line":71,"column":0},"end":{"line":71,"column":65}},"57":{"start":{"line":72,"column":0},"end":{"line":72,"column":60}},"58":{"start":{"line":73,"column":0},"end":{"line":73,"column":74}},"59":{"start":{"line":76,"column":0},"end":{"line":76,"column":73}},"60":{"start":{"line":77,"column":0},"end":{"line":77,"column":65}},"61":{"start":{"line":78,"column":0},"end":{"line":78,"column":71}},"62":{"start":{"line":79,"column":0},"end":{"line":79,"column":69}},"63":{"start":{"line":80,"column":0},"end":{"line":80,"column":65}},"64":{"start":{"line":81,"column":0},"end":{"line":81,"column":73}},"65":{"start":{"line":82,"column":0},"end":{"line":82,"column":71}},"66":{"start":{"line":83,"column":0},"end":{"line":83,"column":67}},"67":{"start":{"line":84,"column":0},"end":{"line":84,"column":81}},"68":{"start":{"line":85,"column":0},"end":{"line":85,"column":73}},"69":{"start":{"line":86,"column":0},"end":{"line":86,"column":71}},"70":{"start":{"line":87,"column":0},"end":{"line":87,"column":75}},"71":{"start":{"line":88,"column":0},"end":{"line":88,"column":55}},"72":{"start":{"line":91,"column":0},"end":{"line":91,"column":81}},"73":{"start":{"line":92,"column":0},"end":{"line":92,"column":83}},"74":{"start":{"line":93,"column":0},"end":{"line":93,"column":83}},"75":{"start":{"line":97,"column":0},"end":{"line":97,"column":71}},"76":{"start":{"line":98,"column":0},"end":{"line":98,"column":83}},"77":{"start":{"line":99,"column":0},"end":{"line":99,"column":71}},"78":{"start":{"line":100,"column":0},"end":{"line":100,"column":67}},"79":{"start":{"line":101,"column":0},"end":{"line":101,"column":71}},"80":{"start":{"line":102,"column":0},"end":{"line":102,"column":73}},"81":{"start":{"line":103,"column":0},"end":{"line":103,"column":55}},"82":{"start":{"line":104,"column":0},"end":{"line":104,"column":69}},"83":{"start":{"line":105,"column":0},"end":{"line":105,"column":73}},"84":{"start":{"line":106,"column":0},"end":{"line":106,"column":73}},"85":{"start":{"line":107,"column":0},"end":{"line":107,"column":73}},"86":{"start":{"line":108,"column":0},"end":{"line":108,"column":63}},"87":{"start":{"line":111,"column":0},"end":{"line":111,"column":62}},"88":{"start":{"line":112,"column":0},"end":{"line":112,"column":56}},"89":{"start":{"line":113,"column":0},"end":{"line":113,"column":52}},"90":{"start":{"line":114,"column":0},"end":{"line":114,"column":78}},"91":{"start":{"line":117,"column":0},"end":{"line":117,"column":78}},"92":{"start":{"line":118,"column":0},"end":{"line":118,"column":84}},"93":{"start":{"line":119,"column":0},"end":{"line":119,"column":75}},"94":{"start":{"line":122,"column":0},"end":{"line":122,"column":66}}},"fnMap":{},"branchMap":{},"s":{"0":3,"1":3,"2":3,"3":3,"4":3,"5":3,"6":3,"7":3,"8":3,"9":3,"10":3,"11":3,"12":3,"13":3,"14":3,"15":3,"16":3,"17":3,"18":3,"19":3,"20":3,"21":3,"22":3,"23":3,"24":3,"25":3,"26":3,"27":3,"28":3,"29":3,"30":3,"31":3,"32":3,"33":3,"34":3,"35":3,"36":3,"37":3,"38":3,"39":3,"40":3,"41":3,"42":3,"43":3,"44":3,"45":3,"46":3,"47":3,"48":3,"49":3,"50":3,"51":3,"52":3,"53":3,"54":3,"55":3,"56":3,"57":3,"58":3,"59":3,"60":3,"61":3,"62":3,"63":3,"64":3,"65":3,"66":3,"67":3,"68":3,"69":3,"70":3,"71":3,"72":3,"73":3,"74":3,"75":3,"76":3,"77":3,"78":3,"79":3,"80":3,"81":3,"82":3,"83":3,"84":3,"85":3,"86":3,"87":3,"88":3,"89":3,"90":3,"91":3,"92":3,"93":3,"94":3},"f":{},"b":{},"_coverageSchema":"1a1c01bbd47fc00a2c39e90264f33305004495a9","hash":"b5ad005bcf015f10e2fcedebc5ed74eb4fdabf8b"}
}
