TN:
SF:src/index.js
FN:16,(anonymous_0)
FN:20,stopServer
FN:21,(anonymous_2)
FNF:3
FNH:1
FNDA:0,(anonymous_0)
FNDA:3,stopServer
FNDA:0,(anonymous_2)
DA:1,3
DA:2,3
DA:3,3
DA:4,3
DA:5,3
DA:6,3
DA:8,3
DA:9,3
DA:10,3
DA:11,3
DA:12,3
DA:13,3
DA:14,3
DA:16,3
DA:17,0
DA:21,3
DA:26,3
DA:28,3
LF:18
LH:17
BRDA:8,0,0,3
BRDA:8,0,1,3
BRF:2
BRH:2
end_of_record
TN:
SF:src/Config/db.js
FN:34,(anonymous_0)
FNF:1
FNH:1
FNDA:3,(anonymous_0)
DA:1,3
DA:16,3
DA:25,3
DA:27,3
DA:34,3
DA:35,3
DA:36,0
DA:37,0
DA:40,3
DA:44,3
LF:10
LH:8
BRDA:35,0,0,0
BRDA:35,0,1,3
BRF:2
BRH:1
end_of_record
TN:
SF:src/Controllers/adminController.js
FN:4,(anonymous_0)
FN:8,(anonymous_1)
FN:16,(anonymous_2)
FN:28,(anonymous_3)
FN:52,(anonymous_4)
FN:58,(anonymous_5)
FN:78,(anonymous_6)
FN:84,(anonymous_7)
FN:104,(anonymous_8)
FN:110,(anonymous_9)
FN:129,(anonymous_10)
FN:136,(anonymous_11)
FNF:12
FNH:10
FNDA:1,(anonymous_0)
FNDA:1,(anonymous_1)
FNDA:1,(anonymous_2)
FNDA:1,(anonymous_3)
FNDA:2,(anonymous_4)
FNDA:2,(anonymous_5)
FNDA:3,(anonymous_6)
FNDA:3,(anonymous_7)
FNDA:1,(anonymous_8)
FNDA:1,(anonymous_9)
FNDA:0,(anonymous_10)
FNDA:0,(anonymous_11)
DA:1,3
DA:2,3
DA:4,3
DA:5,1
DA:8,3
DA:9,1
DA:10,1
DA:17,1
DA:18,0
DA:22,1
DA:29,1
DA:30,0
DA:34,1
DA:45,0
DA:52,3
DA:53,2
DA:54,2
DA:56,2
DA:59,2
DA:60,1
DA:65,1
DA:66,0
DA:70,1
DA:78,3
DA:79,3
DA:80,3
DA:82,3
DA:85,3
DA:86,1
DA:91,2
DA:92,0
DA:96,2
DA:104,3
DA:105,1
DA:106,1
DA:111,1
DA:112,0
DA:116,1
DA:122,0
DA:129,3
DA:130,0
DA:131,0
DA:132,0
DA:134,0
DA:137,0
DA:138,0
DA:143,0
DA:144,0
DA:152,0
DA:159,3
LF:50
LH:34
BRDA:17,0,0,0
BRDA:17,0,1,1
BRDA:29,1,0,0
BRDA:29,1,1,1
BRDA:59,2,0,1
BRDA:59,2,1,1
BRDA:65,3,0,0
BRDA:65,3,1,1
BRDA:85,4,0,1
BRDA:85,4,1,2
BRDA:91,5,0,0
BRDA:91,5,1,2
BRDA:111,6,0,0
BRDA:111,6,1,1
BRDA:137,7,0,0
BRDA:137,7,1,0
BRDA:143,8,0,0
BRDA:143,8,1,0
BRF:18
BRH:9
end_of_record
TN:
SF:src/Controllers/catalogoController.js
FN:3,(anonymous_0)
FN:15,(anonymous_1)
FN:28,(anonymous_2)
FN:30,(anonymous_3)
FN:43,(anonymous_4)
FN:45,(anonymous_5)
FN:58,(anonymous_6)
FN:67,(anonymous_7)
FNF:8
FNH:8
FNDA:1,(anonymous_0)
FNDA:1,(anonymous_1)
FNDA:1,(anonymous_2)
FNDA:1,(anonymous_3)
FNDA:1,(anonymous_4)
FNDA:1,(anonymous_5)
FNDA:1,(anonymous_6)
FNDA:1,(anonymous_7)
DA:1,3
DA:3,3
DA:4,1
DA:5,1
DA:6,1
DA:7,1
DA:8,1
DA:9,1
DA:10,1
DA:11,1
DA:13,1
DA:15,1
DA:16,1
DA:17,1
DA:18,1
DA:22,0
DA:28,3
DA:29,1
DA:30,1
DA:31,1
DA:32,0
DA:33,0
DA:37,1
DA:43,3
DA:44,1
DA:45,1
DA:46,1
DA:47,0
DA:48,0
DA:52,1
DA:58,3
DA:59,1
DA:60,1
DA:67,1
DA:68,1
DA:69,0
DA:70,0
DA:74,1
LF:38
LH:31
BRDA:16,0,0,1
BRDA:16,0,1,0
BRDA:31,1,0,0
BRDA:31,1,1,1
BRDA:46,2,0,0
BRDA:46,2,1,1
BRDA:68,3,0,0
BRDA:68,3,1,1
BRF:8
BRH:4
end_of_record
TN:
SF:src/Controllers/consultas.js
FN:11,(anonymous_0)
FN:13,(anonymous_1)
FN:19,(anonymous_2)
FN:32,(anonymous_3)
FN:35,(anonymous_4)
FN:43,(anonymous_5)
FNF:6
FNH:3
FNDA:1,(anonymous_0)
FNDA:1,(anonymous_1)
FNDA:1,(anonymous_2)
FNDA:0,(anonymous_3)
FNDA:0,(anonymous_4)
FNDA:0,(anonymous_5)
DA:1,3
DA:2,3
DA:11,3
DA:12,1
DA:13,1
DA:14,1
DA:15,0
DA:16,0
DA:17,0
DA:19,1
DA:20,1
DA:21,0
DA:22,0
DA:23,0
DA:25,1
DA:26,1
DA:32,3
DA:33,0
DA:34,0
DA:35,0
DA:36,0
DA:37,0
DA:38,0
DA:39,0
DA:42,0
DA:44,0
DA:45,0
DA:46,0
DA:47,0
DA:49,0
DA:50,0
DA:51,0
DA:52,0
DA:55,0
DA:56,0
LF:35
LH:11
BRDA:14,0,0,0
BRDA:14,0,1,1
BRDA:20,1,0,0
BRDA:20,1,1,1
BRDA:36,2,0,0
BRDA:36,2,1,0
BRDA:44,3,0,0
BRDA:44,3,1,0
BRDA:49,4,0,0
BRDA:49,4,1,0
BRF:10
BRH:2
end_of_record
TN:
SF:src/Controllers/depaCiudadController.js
FN:3,(anonymous_0)
FN:4,(anonymous_1)
FN:15,(anonymous_2)
FN:19,(anonymous_3)
FNF:4
FNH:0
FNDA:0,(anonymous_0)
FNDA:0,(anonymous_1)
FNDA:0,(anonymous_2)
FNDA:0,(anonymous_3)
DA:1,3
DA:3,3
DA:4,0
DA:5,0
DA:6,0
DA:10,0
DA:15,3
DA:16,0
DA:17,0
DA:19,0
DA:20,0
DA:21,0
DA:25,0
LF:13
LH:3
BRDA:5,0,0,0
BRDA:5,0,1,0
BRDA:20,1,0,0
BRDA:20,1,1,0
BRF:4
BRH:0
end_of_record
TN:
SF:src/Controllers/empresaController.js
FN:4,answerError
FN:12,handleModifyProducto
FN:23,(anonymous_2)
FN:30,(anonymous_3)
FN:40,(anonymous_4)
FN:84,(anonymous_5)
FN:98,(anonymous_6)
FN:108,(anonymous_7)
FN:125,handleInsertProduct
FN:135,(anonymous_9)
FN:144,(anonymous_10)
FN:184,(anonymous_11)
FN:198,(anonymous_12)
FN:207,(anonymous_13)
FN:222,(anonymous_14)
FN:226,(anonymous_15)
FN:239,(anonymous_16)
FN:245,(anonymous_17)
FN:265,(anonymous_18)
FN:271,(anonymous_19)
FN:292,(anonymous_20)
FN:297,(anonymous_21)
FN:328,(anonymous_22)
FN:334,(anonymous_23)
FN:348,(anonymous_24)
FN:355,(anonymous_25)
FN:369,(anonymous_26)
FN:373,(anonymous_27)
FN:389,(anonymous_28)
FN:394,(anonymous_29)
FN:410,(anonymous_30)
FN:420,(anonymous_31)
FN:426,(anonymous_32)
FN:452,(anonymous_33)
FN:468,(anonymous_34)
FNF:35
FNH:0
FNDA:0,answerError
FNDA:0,handleModifyProducto
FNDA:0,(anonymous_2)
FNDA:0,(anonymous_3)
FNDA:0,(anonymous_4)
FNDA:0,(anonymous_5)
FNDA:0,(anonymous_6)
FNDA:0,(anonymous_7)
FNDA:0,handleInsertProduct
FNDA:0,(anonymous_9)
FNDA:0,(anonymous_10)
FNDA:0,(anonymous_11)
FNDA:0,(anonymous_12)
FNDA:0,(anonymous_13)
FNDA:0,(anonymous_14)
FNDA:0,(anonymous_15)
FNDA:0,(anonymous_16)
FNDA:0,(anonymous_17)
FNDA:0,(anonymous_18)
FNDA:0,(anonymous_19)
FNDA:0,(anonymous_20)
FNDA:0,(anonymous_21)
FNDA:0,(anonymous_22)
FNDA:0,(anonymous_23)
FNDA:0,(anonymous_24)
FNDA:0,(anonymous_25)
FNDA:0,(anonymous_26)
FNDA:0,(anonymous_27)
FNDA:0,(anonymous_28)
FNDA:0,(anonymous_29)
FNDA:0,(anonymous_30)
FNDA:0,(anonymous_31)
FNDA:0,(anonymous_32)
FNDA:0,(anonymous_33)
FNDA:0,(anonymous_34)
DA:1,3
DA:2,3
DA:5,0
DA:14,0
DA:15,0
DA:16,0
DA:18,0
DA:19,0
DA:21,0
DA:23,0
DA:24,0
DA:25,0
DA:26,0
DA:27,0
DA:29,0
DA:30,0
DA:31,0
DA:32,0
DA:33,0
DA:36,0
DA:37,0
DA:38,0
DA:39,0
DA:40,0
DA:41,0
DA:42,0
DA:43,0
DA:46,0
DA:47,0
DA:48,0
DA:55,0
DA:56,0
DA:59,0
DA:84,3
DA:86,0
DA:87,0
DA:88,0
DA:89,0
DA:90,0
DA:91,0
DA:98,0
DA:99,0
DA:100,0
DA:101,0
DA:103,0
DA:104,0
DA:105,0
DA:106,0
DA:108,0
DA:109,0
DA:110,0
DA:111,0
DA:112,0
DA:114,0
DA:115,0
DA:120,0
DA:127,0
DA:128,0
DA:131,0
DA:133,0
DA:134,0
DA:135,0
DA:136,0
DA:137,0
DA:139,0
DA:140,0
DA:141,0
DA:142,0
DA:143,0
DA:144,0
DA:145,0
DA:146,0
DA:149,0
DA:150,0
DA:157,0
DA:158,0
DA:184,3
DA:186,0
DA:187,0
DA:188,0
DA:189,0
DA:190,0
DA:191,0
DA:198,0
DA:199,0
DA:200,0
DA:202,0
DA:203,0
DA:204,0
DA:205,0
DA:207,0
DA:208,0
DA:209,0
DA:210,0
DA:212,0
DA:213,0
DA:218,0
DA:222,3
DA:223,0
DA:224,0
DA:225,0
DA:226,0
DA:227,0
DA:228,0
DA:230,0
DA:235,0
DA:239,3
DA:240,0
DA:241,0
DA:244,0
DA:245,0
DA:246,0
DA:247,0
DA:249,0
DA:250,0
DA:254,0
DA:255,0
DA:259,0
DA:260,0
DA:265,3
DA:266,0
DA:268,0
DA:270,0
DA:271,0
DA:272,0
DA:273,0
DA:275,0
DA:276,0
DA:277,0
DA:281,0
DA:284,0
DA:288,0
DA:292,3
DA:293,0
DA:295,0
DA:296,0
DA:297,0
DA:298,0
DA:299,0
DA:302,0
DA:303,0
DA:304,0
DA:308,0
DA:311,0
DA:315,0
DA:328,3
DA:329,0
DA:330,0
DA:331,0
DA:332,0
DA:333,0
DA:334,0
DA:335,0
DA:336,0
DA:338,0
DA:343,0
DA:348,3
DA:350,0
DA:351,0
DA:352,0
DA:353,0
DA:354,0
DA:355,0
DA:356,0
DA:357,0
DA:359,0
DA:364,0
DA:369,3
DA:370,0
DA:371,0
DA:372,0
DA:373,0
DA:374,0
DA:375,0
DA:377,0
DA:378,0
DA:379,0
DA:385,0
DA:389,3
DA:390,0
DA:391,0
DA:392,0
DA:393,0
DA:394,0
DA:395,0
DA:396,0
DA:398,0
DA:399,0
DA:400,0
DA:406,0
DA:410,3
DA:411,0
DA:412,0
DA:417,0
DA:418,0
DA:419,0
DA:420,0
DA:421,0
DA:422,0
DA:424,0
DA:425,0
DA:426,0
DA:427,0
DA:436,0
DA:438,0
DA:439,0
DA:448,0
DA:452,3
DA:454,0
DA:455,0
DA:464,0
DA:465,0
DA:466,0
DA:467,0
DA:468,0
DA:469,0
DA:470,0
DA:471,0
DA:473,0
DA:474,0
DA:475,0
DA:476,0
DA:482,0
DA:484,0
DA:487,3
LF:225
LH:15
BRDA:24,0,0,0
BRDA:24,0,1,0
BRDA:31,1,0,0
BRDA:31,1,1,0
BRDA:36,2,0,0
BRDA:36,2,1,0
BRDA:41,3,0,0
BRDA:41,3,1,0
BRDA:46,4,0,0
BRDA:46,4,1,0
BRDA:99,5,0,0
BRDA:99,5,1,0
BRDA:104,6,0,0
BRDA:104,6,1,0
BRDA:104,7,0,0
BRDA:104,7,1,0
BRDA:110,8,0,0
BRDA:110,8,1,0
BRDA:136,9,0,0
BRDA:136,9,1,0
BRDA:141,10,0,0
BRDA:141,10,1,0
BRDA:145,11,0,0
BRDA:145,11,1,0
BRDA:149,12,0,0
BRDA:149,12,1,0
BRDA:199,13,0,0
BRDA:199,13,1,0
BRDA:203,14,0,0
BRDA:203,14,1,0
BRDA:203,15,0,0
BRDA:203,15,1,0
BRDA:209,16,0,0
BRDA:209,16,1,0
BRDA:227,17,0,0
BRDA:227,17,1,0
BRDA:246,18,0,0
BRDA:246,18,1,0
BRDA:249,19,0,0
BRDA:249,19,1,0
BRDA:249,20,0,0
BRDA:249,20,1,0
BRDA:272,21,0,0
BRDA:272,21,1,0
BRDA:275,22,0,0
BRDA:275,22,1,0
BRDA:275,23,0,0
BRDA:275,23,1,0
BRDA:276,24,0,0
BRDA:276,24,1,0
BRDA:298,25,0,0
BRDA:298,25,1,0
BRDA:302,26,0,0
BRDA:302,26,1,0
BRDA:303,27,0,0
BRDA:303,27,1,0
BRDA:335,28,0,0
BRDA:335,28,1,0
BRDA:335,29,0,0
BRDA:335,29,1,0
BRDA:335,29,2,0
BRDA:356,30,0,0
BRDA:356,30,1,0
BRDA:356,31,0,0
BRDA:356,31,1,0
BRDA:356,31,2,0
BRDA:374,32,0,0
BRDA:374,32,1,0
BRDA:374,33,0,0
BRDA:374,33,1,0
BRDA:374,33,2,0
BRDA:377,34,0,0
BRDA:377,34,1,0
BRDA:395,35,0,0
BRDA:395,35,1,0
BRDA:395,36,0,0
BRDA:395,36,1,0
BRDA:395,36,2,0
BRDA:398,37,0,0
BRDA:398,37,1,0
BRDA:421,38,0,0
BRDA:421,38,1,0
BRDA:421,39,0,0
BRDA:421,39,1,0
BRDA:421,39,2,0
BRDA:425,40,0,0
BRDA:425,40,1,0
BRDA:470,41,0,0
BRDA:470,41,1,0
BRDA:470,42,0,0
BRDA:470,42,1,0
BRDA:470,42,2,0
BRDA:474,43,0,0
BRDA:474,43,1,0
BRF:94
BRH:0
end_of_record
TN:
SF:src/Controllers/historialPedidosRepartidor.js
FN:4,(anonymous_0)
FN:6,(anonymous_1)
FN:19,(anonymous_2)
FN:31,(anonymous_3)
FN:33,(anonymous_4)
FN:42,(anonymous_5)
FNF:6
FNH:0
FNDA:0,(anonymous_0)
FNDA:0,(anonymous_1)
FNDA:0,(anonymous_2)
FNDA:0,(anonymous_3)
FNDA:0,(anonymous_4)
FNDA:0,(anonymous_5)
DA:1,3
DA:2,3
DA:4,3
DA:5,0
DA:6,0
DA:7,0
DA:8,0
DA:9,0
DA:10,0
DA:12,0
DA:20,0
DA:21,0
DA:22,0
DA:23,0
DA:25,0
DA:26,0
DA:31,3
DA:32,0
DA:33,0
DA:34,0
DA:35,0
DA:36,0
DA:37,0
DA:39,0
DA:43,0
DA:44,0
DA:45,0
DA:46,0
DA:48,0
DA:49,0
LF:30
LH:4
BRDA:7,0,0,0
BRDA:7,0,1,0
BRDA:20,1,0,0
BRDA:20,1,1,0
BRDA:34,2,0,0
BRDA:34,2,1,0
BRDA:43,3,0,0
BRDA:43,3,1,0
BRF:8
BRH:0
end_of_record
TN:
SF:src/Controllers/informeRepartidor.js
FN:4,(anonymous_0)
FN:10,(anonymous_1)
FNF:2
FNH:0
FNDA:0,(anonymous_0)
FNDA:0,(anonymous_1)
DA:1,3
DA:2,3
DA:4,3
DA:5,0
DA:6,0
DA:10,0
DA:11,0
DA:12,0
DA:17,0
DA:22,0
DA:29,3
LF:11
LH:4
BRDA:11,0,0,0
BRDA:11,0,1,0
BRF:2
BRH:0
end_of_record
TN:
SF:src/Controllers/informeUsuario.js
FN:4,(anonymous_0)
FN:7,(anonymous_1)
FN:15,(anonymous_2)
FN:29,(anonymous_3)
FNF:4
FNH:0
FNDA:0,(anonymous_0)
FNDA:0,(anonymous_1)
FNDA:0,(anonymous_2)
FNDA:0,(anonymous_3)
DA:1,3
DA:2,3
DA:4,3
DA:5,0
DA:6,0
DA:7,0
DA:8,0
DA:9,0
DA:14,0
DA:15,0
DA:16,0
DA:17,0
DA:22,0
DA:29,0
DA:30,0
DA:31,0
DA:36,0
DA:47,0
DA:54,3
LF:19
LH:4
BRDA:8,0,0,0
BRDA:8,0,1,0
BRDA:16,1,0,0
BRDA:16,1,1,0
BRDA:30,2,0,0
BRDA:30,2,1,0
BRF:6
BRH:0
end_of_record
TN:
SF:src/Controllers/informeVentas.js
FN:4,(anonymous_0)
FN:7,(anonymous_1)
FN:19,(anonymous_2)
FN:31,(anonymous_3)
FN:45,(anonymous_4)
FNF:5
FNH:0
FNDA:0,(anonymous_0)
FNDA:0,(anonymous_1)
FNDA:0,(anonymous_2)
FNDA:0,(anonymous_3)
FNDA:0,(anonymous_4)
DA:1,3
DA:2,3
DA:4,3
DA:5,0
DA:6,0
DA:7,0
DA:8,0
DA:9,0
DA:14,0
DA:19,0
DA:20,0
DA:21,0
DA:26,0
DA:31,0
DA:32,0
DA:33,0
DA:39,0
DA:45,0
DA:46,0
DA:47,0
DA:52,0
DA:64,0
DA:71,3
LF:23
LH:4
BRDA:8,0,0,0
BRDA:8,0,1,0
BRDA:20,1,0,0
BRDA:20,1,1,0
BRDA:32,2,0,0
BRDA:32,2,1,0
BRDA:46,3,0,0
BRDA:46,3,1,0
BRF:8
BRH:0
end_of_record
TN:
SF:src/Controllers/pedidosAsignados.js
FN:4,(anonymous_0)
FN:6,(anonymous_1)
FN:18,(anonymous_2)
FNF:3
FNH:0
FNDA:0,(anonymous_0)
FNDA:0,(anonymous_1)
FNDA:0,(anonymous_2)
DA:1,3
DA:2,3
DA:4,3
DA:5,0
DA:6,0
DA:7,0
DA:8,0
DA:9,0
DA:10,0
DA:12,0
DA:19,0
DA:20,0
DA:21,0
DA:22,0
DA:24,0
DA:25,0
LF:16
LH:3
BRDA:7,0,0,0
BRDA:7,0,1,0
BRDA:19,1,0,0
BRDA:19,1,1,0
BRF:4
BRH:0
end_of_record
TN:
SF:src/Controllers/registroEmpresaController.js
FN:4,(anonymous_0)
FN:8,(anonymous_1)
FN:14,(anonymous_2)
FN:16,(anonymous_3)
FN:19,(anonymous_4)
FN:31,(anonymous_5)
FN:35,(anonymous_6)
FNF:7
FNH:0
FNDA:0,(anonymous_0)
FNDA:0,(anonymous_1)
FNDA:0,(anonymous_2)
FNDA:0,(anonymous_3)
FNDA:0,(anonymous_4)
FNDA:0,(anonymous_5)
FNDA:0,(anonymous_6)
DA:1,3
DA:2,3
DA:4,3
DA:5,0
DA:7,0
DA:8,0
DA:9,0
DA:11,0
DA:12,0
DA:14,0
DA:15,0
DA:16,0
DA:17,0
DA:18,0
DA:19,0
DA:20,0
DA:22,0
DA:31,3
DA:32,0
DA:34,0
DA:35,0
DA:37,0
DA:38,0
DA:41,0
DA:42,0
DA:46,0
DA:48,0
DA:49,0
DA:54,0
LF:29
LH:4
BRDA:37,0,0,0
BRDA:37,0,1,0
BRDA:41,1,0,0
BRDA:41,1,1,0
BRDA:48,2,0,0
BRDA:48,2,1,0
BRF:6
BRH:0
end_of_record
TN:
SF:src/Controllers/registroRepartidorController.js
FN:5,(anonymous_0)
FN:10,(anonymous_1)
FN:27,(anonymous_2)
FN:29,(anonymous_3)
FN:32,(anonymous_4)
FN:43,(anonymous_5)
FN:46,(anonymous_6)
FNF:7
FNH:0
FNDA:0,(anonymous_0)
FNDA:0,(anonymous_1)
FNDA:0,(anonymous_2)
FNDA:0,(anonymous_3)
FNDA:0,(anonymous_4)
FNDA:0,(anonymous_5)
FNDA:0,(anonymous_6)
DA:1,3
DA:2,3
DA:5,3
DA:7,0
DA:9,0
DA:10,0
DA:11,0
DA:12,0
DA:13,0
DA:17,0
DA:18,0
DA:22,0
DA:24,0
DA:26,0
DA:27,0
DA:28,0
DA:29,0
DA:30,0
DA:31,0
DA:32,0
DA:33,0
DA:35,0
DA:43,3
DA:44,0
DA:45,0
DA:46,0
DA:48,0
DA:49,0
DA:51,0
DA:52,0
DA:56,0
DA:58,0
DA:59,0
DA:64,0
LF:34
LH:4
BRDA:11,0,0,0
BRDA:11,0,1,0
BRDA:17,1,0,0
BRDA:17,1,1,0
BRDA:48,2,0,0
BRDA:48,2,1,0
BRDA:51,3,0,0
BRDA:51,3,1,0
BRDA:58,4,0,0
BRDA:58,4,1,0
BRF:10
BRH:0
end_of_record
TN:
SF:src/Controllers/registroUserController.js
FN:11,(anonymous_0)
FN:15,(anonymous_1)
FN:44,(anonymous_2)
FN:59,(anonymous_3)
FN:63,(anonymous_4)
FNF:5
FNH:0
FNDA:0,(anonymous_0)
FNDA:0,(anonymous_1)
FNDA:0,(anonymous_2)
FNDA:0,(anonymous_3)
FNDA:0,(anonymous_4)
DA:1,3
DA:2,3
DA:11,3
DA:13,0
DA:14,0
DA:15,0
DA:16,0
DA:17,0
DA:18,0
DA:23,0
DA:24,0
DA:29,0
DA:30,0
DA:38,0
DA:40,0
DA:42,0
DA:44,0
DA:46,0
DA:47,0
DA:52,0
DA:59,3
DA:60,0
DA:62,0
DA:63,0
DA:65,0
DA:66,0
DA:69,0
DA:70,0
DA:74,0
DA:76,0
DA:77,0
DA:78,0
DA:83,0
LF:33
LH:4
BRDA:16,0,0,0
BRDA:16,0,1,0
BRDA:23,1,0,0
BRDA:23,1,1,0
BRDA:29,2,0,0
BRDA:29,2,1,0
BRDA:46,3,0,0
BRDA:46,3,1,0
BRDA:65,4,0,0
BRDA:65,4,1,0
BRDA:69,5,0,0
BRDA:69,5,1,0
BRDA:76,6,0,0
BRDA:76,6,1,0
BRF:14
BRH:0
end_of_record
TN:
SF:src/Controllers/repartidorController.js
FN:6,answerError
FN:25,(anonymous_1)
FN:30,(anonymous_2)
FN:56,(anonymous_3)
FN:68,(anonymous_4)
FN:78,(anonymous_5)
FN:101,(anonymous_6)
FN:105,(anonymous_7)
FN:119,(anonymous_8)
FN:125,(anonymous_9)
FN:130,(anonymous_10)
FN:146,(anonymous_11)
FN:155,(anonymous_12)
FN:159,(anonymous_13)
FN:174,(anonymous_14)
FN:186,(anonymous_15)
FN:191,(anonymous_16)
FN:208,(anonymous_17)
FN:218,(anonymous_18)
FN:224,(anonymous_19)
FN:246,(anonymous_20)
FN:257,(anonymous_21)
FN:265,(anonymous_22)
FN:275,(anonymous_23)
FN:299,(anonymous_24)
FN:307,(anonymous_25)
FN:312,(anonymous_26)
FN:327,(anonymous_27)
FN:332,(anonymous_28)
FN:337,(anonymous_29)
FN:352,(anonymous_30)
FN:357,(anonymous_31)
FN:362,(anonymous_32)
FN:384,(anonymous_33)
FN:396,(anonymous_34)
FN:400,(anonymous_35)
FN:410,(anonymous_36)
FN:429,(anonymous_37)
FN:439,(anonymous_38)
FN:443,(anonymous_39)
FN:459,(anonymous_40)
FN:471,(anonymous_41)
FN:475,(anonymous_42)
FN:513,(anonymous_43)
FN:519,(anonymous_44)
FN:523,(anonymous_45)
FN:543,(anonymous_46)
FN:578,(anonymous_47)
FN:583,(anonymous_48)
FN:588,(anonymous_49)
FN:606,(anonymous_50)
FN:615,(anonymous_51)
FN:621,(anonymous_52)
FN:639,(anonymous_53)
FN:646,(anonymous_54)
FN:651,(anonymous_55)
FNF:56
FNH:0
FNDA:0,answerError
FNDA:0,(anonymous_1)
FNDA:0,(anonymous_2)
FNDA:0,(anonymous_3)
FNDA:0,(anonymous_4)
FNDA:0,(anonymous_5)
FNDA:0,(anonymous_6)
FNDA:0,(anonymous_7)
FNDA:0,(anonymous_8)
FNDA:0,(anonymous_9)
FNDA:0,(anonymous_10)
FNDA:0,(anonymous_11)
FNDA:0,(anonymous_12)
FNDA:0,(anonymous_13)
FNDA:0,(anonymous_14)
FNDA:0,(anonymous_15)
FNDA:0,(anonymous_16)
FNDA:0,(anonymous_17)
FNDA:0,(anonymous_18)
FNDA:0,(anonymous_19)
FNDA:0,(anonymous_20)
FNDA:0,(anonymous_21)
FNDA:0,(anonymous_22)
FNDA:0,(anonymous_23)
FNDA:0,(anonymous_24)
FNDA:0,(anonymous_25)
FNDA:0,(anonymous_26)
FNDA:0,(anonymous_27)
FNDA:0,(anonymous_28)
FNDA:0,(anonymous_29)
FNDA:0,(anonymous_30)
FNDA:0,(anonymous_31)
FNDA:0,(anonymous_32)
FNDA:0,(anonymous_33)
FNDA:0,(anonymous_34)
FNDA:0,(anonymous_35)
FNDA:0,(anonymous_36)
FNDA:0,(anonymous_37)
FNDA:0,(anonymous_38)
FNDA:0,(anonymous_39)
FNDA:0,(anonymous_40)
FNDA:0,(anonymous_41)
FNDA:0,(anonymous_42)
FNDA:0,(anonymous_43)
FNDA:0,(anonymous_44)
FNDA:0,(anonymous_45)
FNDA:0,(anonymous_46)
FNDA:0,(anonymous_47)
FNDA:0,(anonymous_48)
FNDA:0,(anonymous_49)
FNDA:0,(anonymous_50)
FNDA:0,(anonymous_51)
FNDA:0,(anonymous_52)
FNDA:0,(anonymous_53)
FNDA:0,(anonymous_54)
FNDA:0,(anonymous_55)
DA:1,3
DA:2,3
DA:3,3
DA:4,3
DA:7,0
DA:8,0
DA:25,3
DA:26,0
DA:27,0
DA:28,0
DA:29,0
DA:30,0
DA:31,0
DA:32,0
DA:33,0
DA:36,0
DA:37,0
DA:38,0
DA:42,0
DA:43,0
DA:46,0
DA:47,0
DA:51,0
DA:52,0
DA:56,3
DA:57,0
DA:58,0
DA:64,0
DA:66,0
DA:67,0
DA:68,0
DA:69,0
DA:70,0
DA:72,0
DA:73,0
DA:74,0
DA:75,0
DA:76,0
DA:77,0
DA:78,0
DA:79,0
DA:80,0
DA:83,0
DA:88,0
DA:95,0
DA:101,3
DA:102,0
DA:104,0
DA:105,0
DA:106,0
DA:107,0
DA:109,0
DA:114,0
DA:119,3
DA:120,0
DA:121,0
DA:122,0
DA:124,0
DA:125,0
DA:126,0
DA:127,0
DA:129,0
DA:130,0
DA:131,0
DA:132,0
DA:134,0
DA:141,0
DA:146,3
DA:147,0
DA:148,0
DA:149,0
DA:150,0
DA:154,0
DA:155,0
DA:156,0
DA:157,0
DA:159,0
DA:160,0
DA:161,0
DA:163,0
DA:169,0
DA:174,3
DA:175,0
DA:176,0
DA:177,0
DA:179,0
DA:181,0
DA:184,0
DA:185,0
DA:186,0
DA:187,0
DA:188,0
DA:190,0
DA:191,0
DA:192,0
DA:193,0
DA:195,0
DA:198,0
DA:204,0
DA:208,3
DA:209,0
DA:210,0
DA:211,0
DA:216,0
DA:217,0
DA:218,0
DA:219,0
DA:220,0
DA:222,0
DA:224,0
DA:225,0
DA:226,0
DA:228,0
DA:229,0
DA:234,0
DA:240,0
DA:241,0
DA:243,0
DA:246,3
DA:247,0
DA:248,0
DA:250,0
DA:251,0
DA:252,0
DA:253,0
DA:254,0
DA:255,0
DA:257,0
DA:258,0
DA:259,0
DA:261,0
DA:265,0
DA:266,0
DA:267,0
DA:269,0
DA:275,0
DA:276,0
DA:277,0
DA:279,0
DA:285,0
DA:288,0
DA:293,0
DA:294,0
DA:296,0
DA:299,3
DA:300,0
DA:301,0
DA:302,0
DA:305,0
DA:306,0
DA:307,0
DA:308,0
DA:309,0
DA:311,0
DA:312,0
DA:313,0
DA:314,0
DA:316,0
DA:317,0
DA:321,0
DA:322,0
DA:324,0
DA:327,3
DA:328,0
DA:329,0
DA:330,0
DA:331,0
DA:332,0
DA:333,0
DA:334,0
DA:336,0
DA:337,0
DA:338,0
DA:339,0
DA:341,0
DA:342,0
DA:346,0
DA:347,0
DA:349,0
DA:352,3
DA:353,0
DA:354,0
DA:355,0
DA:356,0
DA:357,0
DA:358,0
DA:359,0
DA:362,0
DA:363,0
DA:364,0
DA:366,0
DA:367,0
DA:368,0
DA:371,0
DA:378,0
DA:379,0
DA:381,0
DA:384,3
DA:385,0
DA:389,0
DA:390,0
DA:391,0
DA:395,0
DA:396,0
DA:397,0
DA:398,0
DA:400,0
DA:401,0
DA:402,0
DA:403,0
DA:404,0
DA:406,0
DA:407,0
DA:410,0
DA:411,0
DA:412,0
DA:413,0
DA:414,0
DA:416,0
DA:417,0
DA:420,0
DA:423,0
DA:424,0
DA:426,0
DA:429,3
DA:430,0
DA:431,0
DA:432,0
DA:433,0
DA:436,0
DA:437,0
DA:438,0
DA:439,0
DA:440,0
DA:441,0
DA:443,0
DA:444,0
DA:445,0
DA:446,0
DA:447,0
DA:449,0
DA:450,0
DA:451,0
DA:452,0
DA:454,0
DA:460,0
DA:461,0
DA:462,0
DA:463,0
DA:464,0
DA:465,0
DA:467,0
DA:468,0
DA:469,0
DA:470,0
DA:471,0
DA:472,0
DA:475,0
DA:476,0
DA:477,0
DA:478,0
DA:479,0
DA:481,0
DA:482,0
DA:483,0
DA:484,0
DA:493,0
DA:496,0
DA:506,0
DA:507,0
DA:508,0
DA:510,0
DA:513,3
DA:515,0
DA:516,0
DA:517,0
DA:518,0
DA:519,0
DA:520,0
DA:521,0
DA:523,0
DA:524,0
DA:525,0
DA:526,0
DA:527,0
DA:528,0
DA:529,0
DA:530,0
DA:532,0
DA:533,0
DA:534,0
DA:535,0
DA:536,0
DA:537,0
DA:538,0
DA:544,0
DA:545,0
DA:546,0
DA:547,0
DA:548,0
DA:549,0
DA:550,0
DA:552,0
DA:553,0
DA:556,0
DA:557,0
DA:566,0
DA:567,0
DA:571,0
DA:572,0
DA:578,3
DA:579,0
DA:580,0
DA:581,0
DA:582,0
DA:583,0
DA:584,0
DA:585,0
DA:587,0
DA:588,0
DA:589,0
DA:590,0
DA:593,0
DA:594,0
DA:598,0
DA:599,0
DA:601,0
DA:606,3
DA:607,0
DA:608,0
DA:609,0
DA:613,0
DA:614,0
DA:615,0
DA:616,0
DA:617,0
DA:619,0
DA:620,0
DA:621,0
DA:622,0
DA:623,0
DA:624,0
DA:626,0
DA:627,0
DA:628,0
DA:632,0
DA:633,0
DA:635,0
DA:639,3
DA:640,0
DA:641,0
DA:642,0
DA:644,0
DA:645,0
DA:646,0
DA:647,0
DA:648,0
DA:650,0
DA:651,0
DA:652,0
DA:653,0
DA:655,0
DA:656,0
DA:660,0
DA:661,0
DA:663,0
DA:667,3
LF:367
LH:22
BRDA:31,0,0,0
BRDA:31,0,1,0
BRDA:36,1,0,0
BRDA:36,1,1,0
BRDA:37,2,0,0
BRDA:37,2,1,0
BRDA:69,3,0,0
BRDA:69,3,1,0
BRDA:69,4,0,0
BRDA:69,4,1,0
BRDA:69,4,2,0
BRDA:73,5,0,0
BRDA:73,5,1,0
BRDA:76,6,0,0
BRDA:76,6,1,0
BRDA:76,7,0,0
BRDA:76,7,1,0
BRDA:79,8,0,0
BRDA:79,8,1,0
BRDA:79,9,0,0
BRDA:79,9,1,0
BRDA:79,9,2,0
BRDA:106,10,0,0
BRDA:106,10,1,0
BRDA:126,11,0,0
BRDA:126,11,1,0
BRDA:131,12,0,0
BRDA:131,12,1,0
BRDA:156,13,0,0
BRDA:156,13,1,0
BRDA:160,14,0,0
BRDA:160,14,1,0
BRDA:187,15,0,0
BRDA:187,15,1,0
BRDA:192,16,0,0
BRDA:192,16,1,0
BRDA:219,17,0,0
BRDA:219,17,1,0
BRDA:225,18,0,0
BRDA:225,18,1,0
BRDA:225,19,0,0
BRDA:225,19,1,0
BRDA:228,20,0,0
BRDA:228,20,1,0
BRDA:254,21,0,0
BRDA:254,21,1,0
BRDA:258,22,0,0
BRDA:258,22,1,0
BRDA:266,23,0,0
BRDA:266,23,1,0
BRDA:266,24,0,0
BRDA:266,24,1,0
BRDA:276,25,0,0
BRDA:276,25,1,0
BRDA:276,26,0,0
BRDA:276,26,1,0
BRDA:308,27,0,0
BRDA:308,27,1,0
BRDA:313,28,0,0
BRDA:313,28,1,0
BRDA:313,29,0,0
BRDA:313,29,1,0
BRDA:333,30,0,0
BRDA:333,30,1,0
BRDA:338,31,0,0
BRDA:338,31,1,0
BRDA:338,32,0,0
BRDA:338,32,1,0
BRDA:358,33,0,0
BRDA:358,33,1,0
BRDA:363,34,0,0
BRDA:363,34,1,0
BRDA:363,35,0,0
BRDA:363,35,1,0
BRDA:366,36,0,0
BRDA:366,36,1,0
BRDA:397,37,0,0
BRDA:397,37,1,0
BRDA:401,38,0,0
BRDA:401,38,1,0
BRDA:401,39,0,0
BRDA:401,39,1,0
BRDA:406,40,0,0
BRDA:406,40,1,0
BRDA:411,41,0,0
BRDA:411,41,1,0
BRDA:411,42,0,0
BRDA:411,42,1,0
BRDA:416,43,0,0
BRDA:416,43,1,0
BRDA:440,44,0,0
BRDA:440,44,1,0
BRDA:444,45,0,0
BRDA:444,45,1,0
BRDA:444,46,0,0
BRDA:444,46,1,0
BRDA:449,47,0,0
BRDA:449,47,1,0
BRDA:460,48,0,0
BRDA:460,48,1,0
BRDA:460,49,0,0
BRDA:460,49,1,0
BRDA:467,50,0,0
BRDA:467,50,1,0
BRDA:476,51,0,0
BRDA:476,51,1,0
BRDA:476,52,0,0
BRDA:476,52,1,0
BRDA:481,53,0,0
BRDA:481,53,1,0
BRDA:520,54,0,0
BRDA:520,54,1,0
BRDA:526,55,0,0
BRDA:526,55,1,0
BRDA:526,56,0,0
BRDA:526,56,1,0
BRDA:532,57,0,0
BRDA:532,57,1,0
BRDA:545,58,0,0
BRDA:545,58,1,0
BRDA:545,59,0,0
BRDA:545,59,1,0
BRDA:545,59,2,0
BRDA:552,60,0,0
BRDA:552,60,1,0
BRDA:584,61,0,0
BRDA:584,61,1,0
BRDA:589,62,0,0
BRDA:589,62,1,0
BRDA:589,63,0,0
BRDA:589,63,1,0
BRDA:616,64,0,0
BRDA:616,64,1,0
BRDA:623,65,0,0
BRDA:623,65,1,0
BRDA:623,66,0,0
BRDA:623,66,1,0
BRDA:647,67,0,0
BRDA:647,67,1,0
BRDA:652,68,0,0
BRDA:652,68,1,0
BRDA:652,69,0,0
BRDA:652,69,1,0
BRF:143
BRH:0
end_of_record
TN:
SF:src/Controllers/reporteRestaurante.js
FN:3,(anonymous_0)
FN:16,(anonymous_1)
FN:29,(anonymous_2)
FN:41,(anonymous_3)
FN:54,(anonymous_4)
FN:56,(anonymous_5)
FN:68,(anonymous_6)
FN:80,(anonymous_7)
FNF:8
FNH:0
FNDA:0,(anonymous_0)
FNDA:0,(anonymous_1)
FNDA:0,(anonymous_2)
FNDA:0,(anonymous_3)
FNDA:0,(anonymous_4)
FNDA:0,(anonymous_5)
FNDA:0,(anonymous_6)
FNDA:0,(anonymous_7)
DA:1,3
DA:3,3
DA:5,0
DA:7,0
DA:16,0
DA:17,0
DA:18,0
DA:19,0
DA:23,0
DA:29,3
DA:30,0
DA:32,0
DA:41,0
DA:42,0
DA:43,0
DA:44,0
DA:48,0
DA:54,3
DA:55,0
DA:56,0
DA:57,0
DA:58,0
DA:62,0
DA:68,3
DA:70,0
DA:72,0
DA:80,0
DA:81,0
DA:82,0
DA:86,0
LF:30
LH:5
BRDA:17,0,0,0
BRDA:17,0,1,0
BRDA:42,1,0,0
BRDA:42,1,1,0
BRDA:57,2,0,0
BRDA:57,2,1,0
BRDA:81,3,0,0
BRDA:81,3,1,0
BRF:8
BRH:0
end_of_record
TN:
SF:src/Controllers/solicitudEntrega.js
FN:4,(anonymous_0)
FN:6,(anonymous_1)
FN:20,(anonymous_2)
FNF:3
FNH:0
FNDA:0,(anonymous_0)
FNDA:0,(anonymous_1)
FNDA:0,(anonymous_2)
DA:1,3
DA:2,3
DA:4,3
DA:5,0
DA:6,0
DA:7,0
DA:8,0
DA:9,0
DA:10,0
DA:12,0
DA:21,0
DA:22,0
DA:23,0
DA:24,0
DA:26,0
DA:27,0
LF:16
LH:3
BRDA:7,0,0,0
BRDA:7,0,1,0
BRDA:21,1,0,0
BRDA:21,1,1,0
BRF:4
BRH:0
end_of_record
TN:
SF:src/Controllers/usuarioController.js
FN:4,answerError
FN:17,(anonymous_1)
FN:25,(anonymous_2)
FN:46,(anonymous_3)
FN:51,(anonymous_4)
FN:73,(anonymous_5)
FN:82,(anonymous_6)
FN:98,(anonymous_7)
FN:103,(anonymous_8)
FN:126,(anonymous_9)
FN:131,(anonymous_10)
FN:152,(anonymous_11)
FN:156,(anonymous_12)
FN:175,(anonymous_13)
FN:201,(anonymous_14)
FN:206,(anonymous_15)
FN:215,(anonymous_16)
FN:226,(anonymous_17)
FN:230,(anonymous_18)
FN:245,(anonymous_19)
FN:249,(anonymous_20)
FN:278,(anonymous_21)
FN:293,(anonymous_22)
FN:305,(anonymous_23)
FN:311,(anonymous_24)
FN:331,(anonymous_25)
FN:339,(anonymous_26)
FN:370,(anonymous_27)
FN:378,(anonymous_28)
FN:392,(anonymous_29)
FN:397,(anonymous_30)
FN:410,(anonymous_31)
FN:415,(anonymous_32)
FN:419,(anonymous_33)
FN:434,(anonymous_34)
FN:444,(anonymous_35)
FN:459,(anonymous_36)
FN:465,(anonymous_37)
FN:470,(anonymous_38)
FN:488,(anonymous_39)
FN:493,(anonymous_40)
FN:512,(anonymous_41)
FN:527,(anonymous_42)
FN:536,(anonymous_43)
FN:540,(anonymous_44)
FN:549,(anonymous_45)
FN:571,(anonymous_46)
FN:601,(anonymous_47)
FN:609,(anonymous_48)
FN:619,(anonymous_49)
FN:639,(anonymous_50)
FN:644,(anonymous_51)
FN:658,(anonymous_52)
FN:663,(anonymous_53)
FNF:54
FNH:0
FNDA:0,answerError
FNDA:0,(anonymous_1)
FNDA:0,(anonymous_2)
FNDA:0,(anonymous_3)
FNDA:0,(anonymous_4)
FNDA:0,(anonymous_5)
FNDA:0,(anonymous_6)
FNDA:0,(anonymous_7)
FNDA:0,(anonymous_8)
FNDA:0,(anonymous_9)
FNDA:0,(anonymous_10)
FNDA:0,(anonymous_11)
FNDA:0,(anonymous_12)
FNDA:0,(anonymous_13)
FNDA:0,(anonymous_14)
FNDA:0,(anonymous_15)
FNDA:0,(anonymous_16)
FNDA:0,(anonymous_17)
FNDA:0,(anonymous_18)
FNDA:0,(anonymous_19)
FNDA:0,(anonymous_20)
FNDA:0,(anonymous_21)
FNDA:0,(anonymous_22)
FNDA:0,(anonymous_23)
FNDA:0,(anonymous_24)
FNDA:0,(anonymous_25)
FNDA:0,(anonymous_26)
FNDA:0,(anonymous_27)
FNDA:0,(anonymous_28)
FNDA:0,(anonymous_29)
FNDA:0,(anonymous_30)
FNDA:0,(anonymous_31)
FNDA:0,(anonymous_32)
FNDA:0,(anonymous_33)
FNDA:0,(anonymous_34)
FNDA:0,(anonymous_35)
FNDA:0,(anonymous_36)
FNDA:0,(anonymous_37)
FNDA:0,(anonymous_38)
FNDA:0,(anonymous_39)
FNDA:0,(anonymous_40)
FNDA:0,(anonymous_41)
FNDA:0,(anonymous_42)
FNDA:0,(anonymous_43)
FNDA:0,(anonymous_44)
FNDA:0,(anonymous_45)
FNDA:0,(anonymous_46)
FNDA:0,(anonymous_47)
FNDA:0,(anonymous_48)
FNDA:0,(anonymous_49)
FNDA:0,(anonymous_50)
FNDA:0,(anonymous_51)
FNDA:0,(anonymous_52)
FNDA:0,(anonymous_53)
DA:1,3
DA:2,3
DA:5,0
DA:6,0
DA:17,3
DA:18,0
DA:19,0
DA:24,0
DA:25,0
DA:26,0
DA:27,0
DA:28,0
DA:30,0
DA:31,0
DA:37,0
DA:46,3
DA:47,0
DA:48,0
DA:49,0
DA:50,0
DA:51,0
DA:52,0
DA:53,0
DA:54,0
DA:56,0
DA:57,0
DA:63,0
DA:73,3
DA:74,0
DA:75,0
DA:81,0
DA:82,0
DA:83,0
DA:84,0
DA:85,0
DA:87,0
DA:88,0
DA:94,0
DA:98,3
DA:99,0
DA:101,0
DA:102,0
DA:103,0
DA:104,0
DA:105,0
DA:107,0
DA:108,0
DA:109,0
DA:110,0
DA:114,0
DA:115,0
DA:118,0
DA:122,0
DA:126,3
DA:127,0
DA:128,0
DA:129,0
DA:130,0
DA:131,0
DA:132,0
DA:133,0
DA:136,0
DA:137,0
DA:138,0
DA:142,0
DA:148,0
DA:152,3
DA:153,0
DA:154,0
DA:155,0
DA:156,0
DA:157,0
DA:158,0
DA:160,0
DA:161,0
DA:165,0
DA:171,0
DA:175,3
DA:176,0
DA:177,0
DA:178,0
DA:180,0
DA:182,0
DA:186,0
DA:188,0
DA:190,0
DA:192,0
DA:193,0
DA:194,0
DA:195,0
DA:196,0
DA:197,0
DA:198,0
DA:199,0
DA:201,0
DA:202,0
DA:203,0
DA:206,0
DA:207,0
DA:208,0
DA:210,0
DA:211,0
DA:212,0
DA:213,0
DA:214,0
DA:215,0
DA:216,0
DA:217,0
DA:219,0
DA:220,0
DA:221,0
DA:223,0
DA:224,0
DA:225,0
DA:226,0
DA:227,0
DA:228,0
DA:230,0
DA:231,0
DA:232,0
DA:234,0
DA:244,0
DA:245,0
DA:246,0
DA:247,0
DA:249,0
DA:250,0
DA:251,0
DA:253,0
DA:265,0
DA:278,3
DA:279,0
DA:280,0
DA:281,0
DA:282,0
DA:283,0
DA:284,0
DA:285,0
DA:286,0
DA:288,0
DA:289,0
DA:290,0
DA:291,0
DA:292,0
DA:293,0
DA:294,0
DA:295,0
DA:297,0
DA:298,0
DA:299,0
DA:301,0
DA:302,0
DA:303,0
DA:304,0
DA:305,0
DA:306,0
DA:307,0
DA:309,0
DA:310,0
DA:311,0
DA:312,0
DA:313,0
DA:315,0
DA:322,0
DA:323,0
DA:329,0
DA:331,0
DA:332,0
DA:333,0
DA:335,0
DA:336,0
DA:337,0
DA:338,0
DA:339,0
DA:340,0
DA:341,0
DA:343,0
DA:344,0
DA:355,0
DA:356,0
DA:370,3
DA:371,0
DA:372,0
DA:373,0
DA:375,0
DA:377,0
DA:378,0
DA:379,0
DA:380,0
DA:382,0
DA:388,0
DA:392,3
DA:393,0
DA:394,0
DA:396,0
DA:397,0
DA:398,0
DA:399,0
DA:401,0
DA:406,0
DA:410,3
DA:411,0
DA:412,0
DA:414,0
DA:415,0
DA:416,0
DA:417,0
DA:419,0
DA:420,0
DA:421,0
DA:423,0
DA:430,0
DA:434,3
DA:435,0
DA:436,0
DA:437,0
DA:438,0
DA:439,0
DA:441,0
DA:443,0
DA:444,0
DA:445,0
DA:446,0
DA:449,0
DA:455,0
DA:459,3
DA:460,0
DA:462,0
DA:463,0
DA:464,0
DA:465,0
DA:466,0
DA:467,0
DA:469,0
DA:470,0
DA:471,0
DA:472,0
DA:474,0
DA:479,0
DA:484,0
DA:488,3
DA:489,0
DA:491,0
DA:492,0
DA:493,0
DA:494,0
DA:495,0
DA:497,0
DA:498,0
DA:504,0
DA:508,0
DA:512,3
DA:513,0
DA:514,0
DA:515,0
DA:516,0
DA:518,0
DA:519,0
DA:520,0
DA:523,0
DA:524,0
DA:525,0
DA:526,0
DA:527,0
DA:528,0
DA:529,0
DA:531,0
DA:532,0
DA:533,0
DA:534,0
DA:535,0
DA:536,0
DA:537,0
DA:538,0
DA:539,0
DA:540,0
DA:541,0
DA:542,0
DA:544,0
DA:545,0
DA:546,0
DA:547,0
DA:548,0
DA:549,0
DA:550,0
DA:551,0
DA:552,0
DA:553,0
DA:555,0
DA:556,0
DA:565,0
DA:566,0
DA:567,0
DA:568,0
DA:569,0
DA:570,0
DA:571,0
DA:572,0
DA:573,0
DA:574,0
DA:575,0
DA:577,0
DA:578,0
DA:585,0
DA:593,0
DA:597,0
DA:601,3
DA:602,0
DA:603,0
DA:604,0
DA:605,0
DA:606,0
DA:607,0
DA:608,0
DA:609,0
DA:610,0
DA:611,0
DA:613,0
DA:614,0
DA:615,0
DA:616,0
DA:617,0
DA:618,0
DA:619,0
DA:620,0
DA:621,0
DA:623,0
DA:629,0
DA:634,0
DA:639,3
DA:640,0
DA:642,0
DA:643,0
DA:644,0
DA:645,0
DA:646,0
DA:648,0
DA:654,0
DA:658,3
DA:659,0
DA:661,0
DA:662,0
DA:663,0
DA:664,0
DA:665,0
DA:667,0
DA:673,0
DA:677,3
LF:348
LH:21
BRDA:26,0,0,0
BRDA:26,0,1,0
BRDA:30,1,0,0
BRDA:30,1,1,0
BRDA:30,2,0,0
BRDA:30,2,1,0
BRDA:52,3,0,0
BRDA:52,3,1,0
BRDA:56,4,0,0
BRDA:56,4,1,0
BRDA:56,5,0,0
BRDA:56,5,1,0
BRDA:83,6,0,0
BRDA:83,6,1,0
BRDA:87,7,0,0
BRDA:87,7,1,0
BRDA:87,8,0,0
BRDA:87,8,1,0
BRDA:104,9,0,0
BRDA:104,9,1,0
BRDA:108,10,0,0
BRDA:108,10,1,0
BRDA:109,11,0,0
BRDA:109,11,1,0
BRDA:132,12,0,0
BRDA:132,12,1,0
BRDA:136,13,0,0
BRDA:136,13,1,0
BRDA:157,14,0,0
BRDA:157,14,1,0
BRDA:160,15,0,0
BRDA:160,15,1,0
BRDA:202,16,0,0
BRDA:202,16,1,0
BRDA:207,17,0,0
BRDA:207,17,1,0
BRDA:207,18,0,0
BRDA:207,18,1,0
BRDA:207,18,2,0
BRDA:216,19,0,0
BRDA:216,19,1,0
BRDA:221,20,0,0
BRDA:221,20,1,0
BRDA:227,21,0,0
BRDA:227,21,1,0
BRDA:231,22,0,0
BRDA:231,22,1,0
BRDA:246,23,0,0
BRDA:246,23,1,0
BRDA:250,24,0,0
BRDA:250,24,1,0
BRDA:294,25,0,0
BRDA:294,25,1,0
BRDA:299,26,0,0
BRDA:299,26,1,0
BRDA:303,27,0,0
BRDA:303,27,1,0
BRDA:303,28,0,0
BRDA:303,28,1,0
BRDA:306,29,0,0
BRDA:306,29,1,0
BRDA:312,30,0,0
BRDA:312,30,1,0
BRDA:332,31,0,0
BRDA:332,31,1,0
BRDA:337,32,0,0
BRDA:337,32,1,0
BRDA:340,33,0,0
BRDA:340,33,1,0
BRDA:379,34,0,0
BRDA:379,34,1,0
BRDA:398,35,0,0
BRDA:398,35,1,0
BRDA:416,36,0,0
BRDA:416,36,1,0
BRDA:420,37,0,0
BRDA:420,37,1,0
BRDA:445,38,0,0
BRDA:445,38,1,0
BRDA:466,39,0,0
BRDA:466,39,1,0
BRDA:469,40,0,0
BRDA:469,40,1,0
BRDA:469,41,0,0
BRDA:469,41,1,0
BRDA:471,42,0,0
BRDA:471,42,1,0
BRDA:494,43,0,0
BRDA:494,43,1,0
BRDA:497,44,0,0
BRDA:497,44,1,0
BRDA:528,45,0,0
BRDA:528,45,1,0
BRDA:532,46,0,0
BRDA:532,46,1,0
BRDA:538,47,0,0
BRDA:538,47,1,0
BRDA:539,48,0,0
BRDA:539,48,1,0
BRDA:541,49,0,0
BRDA:541,49,1,0
BRDA:545,50,0,0
BRDA:545,50,1,0
BRDA:545,51,0,0
BRDA:545,51,1,0
BRDA:551,52,0,0
BRDA:551,52,1,0
BRDA:567,53,0,0
BRDA:567,53,1,0
BRDA:573,54,0,0
BRDA:573,54,1,0
BRDA:610,55,0,0
BRDA:610,55,1,0
BRDA:614,56,0,0
BRDA:614,56,1,0
BRDA:620,57,0,0
BRDA:620,57,1,0
BRDA:645,58,0,0
BRDA:645,58,1,0
BRDA:664,59,0,0
BRDA:664,59,1,0
BRF:121
BRH:0
end_of_record
TN:
SF:src/Routes/indexRouter.js
FNF:0
FNH:0
DA:1,3
DA:2,3
DA:3,3
DA:4,3
DA:5,3
DA:6,3
DA:7,3
DA:8,3
DA:9,3
DA:10,3
DA:11,3
DA:12,3
DA:13,3
DA:14,3
DA:15,3
DA:16,3
DA:17,3
DA:19,3
DA:20,3
DA:22,3
DA:24,3
DA:27,3
DA:28,3
DA:30,3
DA:31,3
DA:33,3
DA:34,3
DA:36,3
DA:37,3
DA:38,3
DA:39,3
DA:40,3
DA:41,3
DA:42,3
DA:43,3
DA:44,3
DA:45,3
DA:46,3
DA:49,3
DA:50,3
DA:51,3
DA:52,3
DA:53,3
DA:54,3
DA:55,3
DA:56,3
DA:57,3
DA:59,3
DA:60,3
DA:61,3
DA:62,3
DA:66,3
DA:67,3
DA:68,3
DA:69,3
DA:70,3
DA:71,3
DA:72,3
DA:73,3
DA:76,3
DA:77,3
DA:78,3
DA:79,3
DA:80,3
DA:81,3
DA:82,3
DA:83,3
DA:84,3
DA:85,3
DA:86,3
DA:87,3
DA:88,3
DA:91,3
DA:92,3
DA:93,3
DA:97,3
DA:98,3
DA:99,3
DA:100,3
DA:101,3
DA:102,3
DA:103,3
DA:104,3
DA:105,3
DA:106,3
DA:107,3
DA:108,3
DA:111,3
DA:112,3
DA:113,3
DA:114,3
DA:117,3
DA:118,3
DA:119,3
DA:122,3
LF:95
LH:95
BRF:0
BRH:0
end_of_record
